CRITICAL - 2022-05-21 14:02:50 --> Undefined variable $id
#0 D:\Xampp\htdocs\Revisao2022\TCC-CI2\app\Views\camisas.php(154): CodeIgniter\Debug\Exceptions->errorHandler(2, 'Undefined varia...', 'D:\\Xampp\\htdocs...', 154)
#1 D:\Xampp\htdocs\Revisao2022\TCC-CI2\system\View\View.php(210): include('D:\\Xampp\\htdocs...')
#2 D:\Xampp\htdocs\Revisao2022\TCC-CI2\system\View\View.php(213): CodeIgniter\View\View->CodeIgniter\View\{closure}()
#3 D:\Xampp\htdocs\Revisao2022\TCC-CI2\system\Common.php(1089): CodeIgniter\View\View->render('camisas', Array, true)
#4 D:\Xampp\htdocs\Revisao2022\TCC-CI2\app\Controllers\Home.php(9): view('camisas')
#5 D:\Xampp\htdocs\Revisao2022\TCC-CI2\system\CodeIgniter.php(832): App\Controllers\Home->index()
#6 D:\Xampp\htdocs\Revisao2022\TCC-CI2\system\CodeIgniter.php(419): CodeIgniter\CodeIgniter->runController(Object(App\Controllers\Home))
#7 D:\Xampp\htdocs\Revisao2022\TCC-CI2\system\CodeIgniter.php(326): CodeIgniter\CodeIgniter->handleRequest(NULL, Object(Config\Cache), false)
#8 D:\Xampp\htdocs\Revisao2022\TCC-CI2\public\index.php(37): CodeIgniter\CodeIgniter->run()
#9 {main}
CRITICAL - 2022-05-21 14:03:29 --> Undefined variable $id
#0 D:\Xampp\htdocs\Revisao2022\TCC-CI2\app\Views\camisas.php(153): CodeIgniter\Debug\Exceptions->errorHandler(2, 'Undefined varia...', 'D:\\Xampp\\htdocs...', 153)
#1 D:\Xampp\htdocs\Revisao2022\TCC-CI2\system\View\View.php(210): include('D:\\Xampp\\htdocs...')
#2 D:\Xampp\htdocs\Revisao2022\TCC-CI2\system\View\View.php(213): CodeIgniter\View\View->CodeIgniter\View\{closure}()
#3 D:\Xampp\htdocs\Revisao2022\TCC-CI2\system\Common.php(1089): CodeIgniter\View\View->render('camisas', Array, true)
#4 D:\Xampp\htdocs\Revisao2022\TCC-CI2\app\Controllers\Home.php(9): view('camisas')
#5 D:\Xampp\htdocs\Revisao2022\TCC-CI2\system\CodeIgniter.php(832): App\Controllers\Home->index()
#6 D:\Xampp\htdocs\Revisao2022\TCC-CI2\system\CodeIgniter.php(419): CodeIgniter\CodeIgniter->runController(Object(App\Controllers\Home))
#7 D:\Xampp\htdocs\Revisao2022\TCC-CI2\system\CodeIgniter.php(326): CodeIgniter\CodeIgniter->handleRequest(NULL, Object(Config\Cache), false)
#8 D:\Xampp\htdocs\Revisao2022\TCC-CI2\public\index.php(37): CodeIgniter\CodeIgniter->run()
#9 {main}
CRITICAL - 2022-05-21 14:03:32 --> Undefined variable $id
#0 D:\Xampp\htdocs\Revisao2022\TCC-CI2\app\Views\camisas.php(153): CodeIgniter\Debug\Exceptions->errorHandler(2, 'Undefined varia...', 'D:\\Xampp\\htdocs...', 153)
#1 D:\Xampp\htdocs\Revisao2022\TCC-CI2\system\View\View.php(210): include('D:\\Xampp\\htdocs...')
#2 D:\Xampp\htdocs\Revisao2022\TCC-CI2\system\View\View.php(213): CodeIgniter\View\View->CodeIgniter\View\{closure}()
#3 D:\Xampp\htdocs\Revisao2022\TCC-CI2\system\Common.php(1089): CodeIgniter\View\View->render('camisas', Array, true)
#4 D:\Xampp\htdocs\Revisao2022\TCC-CI2\app\Controllers\Home.php(9): view('camisas')
#5 D:\Xampp\htdocs\Revisao2022\TCC-CI2\system\CodeIgniter.php(832): App\Controllers\Home->index()
#6 D:\Xampp\htdocs\Revisao2022\TCC-CI2\system\CodeIgniter.php(419): CodeIgniter\CodeIgniter->runController(Object(App\Controllers\Home))
#7 D:\Xampp\htdocs\Revisao2022\TCC-CI2\system\CodeIgniter.php(326): CodeIgniter\CodeIgniter->handleRequest(NULL, Object(Config\Cache), false)
#8 D:\Xampp\htdocs\Revisao2022\TCC-CI2\public\index.php(37): CodeIgniter\CodeIgniter->run()
#9 {main}
CRITICAL - 2022-05-21 14:03:35 --> Undefined variable $id
#0 D:\Xampp\htdocs\Revisao2022\TCC-CI2\app\Views\camisas.php(153): CodeIgniter\Debug\Exceptions->errorHandler(2, 'Undefined varia...', 'D:\\Xampp\\htdocs...', 153)
#1 D:\Xampp\htdocs\Revisao2022\TCC-CI2\system\View\View.php(210): include('D:\\Xampp\\htdocs...')
#2 D:\Xampp\htdocs\Revisao2022\TCC-CI2\system\View\View.php(213): CodeIgniter\View\View->CodeIgniter\View\{closure}()
#3 D:\Xampp\htdocs\Revisao2022\TCC-CI2\system\Common.php(1089): CodeIgniter\View\View->render('camisas', Array, true)
#4 D:\Xampp\htdocs\Revisao2022\TCC-CI2\app\Controllers\Home.php(9): view('camisas')
#5 D:\Xampp\htdocs\Revisao2022\TCC-CI2\system\CodeIgniter.php(832): App\Controllers\Home->index()
#6 D:\Xampp\htdocs\Revisao2022\TCC-CI2\system\CodeIgniter.php(419): CodeIgniter\CodeIgniter->runController(Object(App\Controllers\Home))
#7 D:\Xampp\htdocs\Revisao2022\TCC-CI2\system\CodeIgniter.php(326): CodeIgniter\CodeIgniter->handleRequest(NULL, Object(Config\Cache), false)
#8 D:\Xampp\htdocs\Revisao2022\TCC-CI2\public\index.php(37): CodeIgniter\CodeIgniter->run()
#9 {main}
