ERROR - 2022-06-07 13:44:28 --> Error connecting to the database: Nenhuma conexão pôde ser feita porque a máquina de destino as recusou ativamente
CRITICAL - 2022-06-07 13:44:28 --> Unable to connect to the database.
Main connection [MySQLi]: Nenhuma conexão pôde ser feita porque a máquina de destino as recusou ativamente
#0 D:\Xampp\htdocs\Revisao2022\TCC-CI2test\system\Database\BaseConnection.php(577): CodeIgniter\Database\BaseConnection->initialize()
#1 D:\Xampp\htdocs\Revisao2022\TCC-CI2test\system\Database\BaseBuilder.php(1455): CodeIgniter\Database\BaseConnection->query('SELECT *\nFROM `...', Array, false)
#2 D:\Xampp\htdocs\Revisao2022\TCC-CI2test\system\Model.php(145): CodeIgniter\Database\BaseBuilder->get()
#3 D:\Xampp\htdocs\Revisao2022\TCC-CI2test\system\BaseModel.php(523): CodeIgniter\Model->doFind(false, NULL)
#4 D:\Xampp\htdocs\Revisao2022\TCC-CI2test\app\Controllers\Home.php(49): CodeIgniter\BaseModel->find()
#5 D:\Xampp\htdocs\Revisao2022\TCC-CI2test\system\CodeIgniter.php(832): App\Controllers\Home->logar()
#6 D:\Xampp\htdocs\Revisao2022\TCC-CI2test\system\CodeIgniter.php(419): CodeIgniter\CodeIgniter->runController(Object(App\Controllers\Home))
#7 D:\Xampp\htdocs\Revisao2022\TCC-CI2test\system\CodeIgniter.php(326): CodeIgniter\CodeIgniter->handleRequest(NULL, Object(Config\Cache), false)
#8 D:\Xampp\htdocs\Revisao2022\TCC-CI2test\public\index.php(37): CodeIgniter\CodeIgniter->run()
#9 D:\Xampp\htdocs\Revisao2022\TCC-CI2test\system\Commands\Server\rewrite.php(43): require_once('D:\\Xampp\\htdocs...')
#10 {main}
ERROR - 2022-06-07 13:44:32 --> Error connecting to the database: Nenhuma conexão pôde ser feita porque a máquina de destino as recusou ativamente
CRITICAL - 2022-06-07 13:44:32 --> Unable to connect to the database.
Main connection [MySQLi]: Nenhuma conexão pôde ser feita porque a máquina de destino as recusou ativamente
#0 D:\Xampp\htdocs\Revisao2022\TCC-CI2test\system\Database\BaseConnection.php(577): CodeIgniter\Database\BaseConnection->initialize()
#1 D:\Xampp\htdocs\Revisao2022\TCC-CI2test\system\Database\BaseBuilder.php(1455): CodeIgniter\Database\BaseConnection->query('SELECT *\nFROM `...', Array, false)
#2 D:\Xampp\htdocs\Revisao2022\TCC-CI2test\system\Model.php(145): CodeIgniter\Database\BaseBuilder->get()
#3 D:\Xampp\htdocs\Revisao2022\TCC-CI2test\system\BaseModel.php(523): CodeIgniter\Model->doFind(false, NULL)
#4 D:\Xampp\htdocs\Revisao2022\TCC-CI2test\app\Controllers\Home.php(49): CodeIgniter\BaseModel->find()
#5 D:\Xampp\htdocs\Revisao2022\TCC-CI2test\system\CodeIgniter.php(832): App\Controllers\Home->logar()
#6 D:\Xampp\htdocs\Revisao2022\TCC-CI2test\system\CodeIgniter.php(419): CodeIgniter\CodeIgniter->runController(Object(App\Controllers\Home))
#7 D:\Xampp\htdocs\Revisao2022\TCC-CI2test\system\CodeIgniter.php(326): CodeIgniter\CodeIgniter->handleRequest(NULL, Object(Config\Cache), false)
#8 D:\Xampp\htdocs\Revisao2022\TCC-CI2test\public\index.php(37): CodeIgniter\CodeIgniter->run()
#9 D:\Xampp\htdocs\Revisao2022\TCC-CI2test\system\Commands\Server\rewrite.php(43): require_once('D:\\Xampp\\htdocs...')
#10 {main}
ERROR - 2022-06-07 13:44:36 --> Error connecting to the database: Nenhuma conexão pôde ser feita porque a máquina de destino as recusou ativamente
CRITICAL - 2022-06-07 13:44:36 --> Unable to connect to the database.
Main connection [MySQLi]: Nenhuma conexão pôde ser feita porque a máquina de destino as recusou ativamente
#0 D:\Xampp\htdocs\Revisao2022\TCC-CI2test\system\Database\BaseConnection.php(577): CodeIgniter\Database\BaseConnection->initialize()
#1 D:\Xampp\htdocs\Revisao2022\TCC-CI2test\system\Database\BaseBuilder.php(1455): CodeIgniter\Database\BaseConnection->query('SELECT *\nFROM `...', Array, false)
#2 D:\Xampp\htdocs\Revisao2022\TCC-CI2test\system\Model.php(145): CodeIgniter\Database\BaseBuilder->get()
#3 D:\Xampp\htdocs\Revisao2022\TCC-CI2test\system\BaseModel.php(523): CodeIgniter\Model->doFind(false, NULL)
#4 D:\Xampp\htdocs\Revisao2022\TCC-CI2test\app\Controllers\Home.php(49): CodeIgniter\BaseModel->find()
#5 D:\Xampp\htdocs\Revisao2022\TCC-CI2test\system\CodeIgniter.php(832): App\Controllers\Home->logar()
#6 D:\Xampp\htdocs\Revisao2022\TCC-CI2test\system\CodeIgniter.php(419): CodeIgniter\CodeIgniter->runController(Object(App\Controllers\Home))
#7 D:\Xampp\htdocs\Revisao2022\TCC-CI2test\system\CodeIgniter.php(326): CodeIgniter\CodeIgniter->handleRequest(NULL, Object(Config\Cache), false)
#8 D:\Xampp\htdocs\Revisao2022\TCC-CI2test\public\index.php(37): CodeIgniter\CodeIgniter->run()
#9 D:\Xampp\htdocs\Revisao2022\TCC-CI2test\system\Commands\Server\rewrite.php(43): require_once('D:\\Xampp\\htdocs...')
#10 {main}
ERROR - 2022-06-07 13:44:41 --> Error connecting to the database: Nenhuma conexão pôde ser feita porque a máquina de destino as recusou ativamente
CRITICAL - 2022-06-07 13:44:41 --> Unable to connect to the database.
Main connection [MySQLi]: Nenhuma conexão pôde ser feita porque a máquina de destino as recusou ativamente
#0 D:\Xampp\htdocs\Revisao2022\TCC-CI2test\system\Database\BaseConnection.php(577): CodeIgniter\Database\BaseConnection->initialize()
#1 D:\Xampp\htdocs\Revisao2022\TCC-CI2test\system\Database\BaseBuilder.php(1455): CodeIgniter\Database\BaseConnection->query('SELECT *\nFROM `...', Array, false)
#2 D:\Xampp\htdocs\Revisao2022\TCC-CI2test\system\Model.php(145): CodeIgniter\Database\BaseBuilder->get()
#3 D:\Xampp\htdocs\Revisao2022\TCC-CI2test\system\BaseModel.php(523): CodeIgniter\Model->doFind(false, NULL)
#4 D:\Xampp\htdocs\Revisao2022\TCC-CI2test\app\Controllers\Home.php(49): CodeIgniter\BaseModel->find()
#5 D:\Xampp\htdocs\Revisao2022\TCC-CI2test\system\CodeIgniter.php(832): App\Controllers\Home->logar()
#6 D:\Xampp\htdocs\Revisao2022\TCC-CI2test\system\CodeIgniter.php(419): CodeIgniter\CodeIgniter->runController(Object(App\Controllers\Home))
#7 D:\Xampp\htdocs\Revisao2022\TCC-CI2test\system\CodeIgniter.php(326): CodeIgniter\CodeIgniter->handleRequest(NULL, Object(Config\Cache), false)
#8 D:\Xampp\htdocs\Revisao2022\TCC-CI2test\public\index.php(37): CodeIgniter\CodeIgniter->run()
#9 D:\Xampp\htdocs\Revisao2022\TCC-CI2test\system\Commands\Server\rewrite.php(43): require_once('D:\\Xampp\\htdocs...')
#10 {main}
ERROR - 2022-06-07 13:44:53 --> Error connecting to the database: Nenhuma conexão pôde ser feita porque a máquina de destino as recusou ativamente
CRITICAL - 2022-06-07 13:44:53 --> Unable to connect to the database.
Main connection [MySQLi]: Nenhuma conexão pôde ser feita porque a máquina de destino as recusou ativamente
#0 D:\Xampp\htdocs\Revisao2022\TCC-CI2test\system\Database\BaseConnection.php(577): CodeIgniter\Database\BaseConnection->initialize()
#1 D:\Xampp\htdocs\Revisao2022\TCC-CI2test\system\Database\BaseBuilder.php(1455): CodeIgniter\Database\BaseConnection->query('SELECT *\nFROM `...', Array, false)
#2 D:\Xampp\htdocs\Revisao2022\TCC-CI2test\system\Model.php(145): CodeIgniter\Database\BaseBuilder->get()
#3 D:\Xampp\htdocs\Revisao2022\TCC-CI2test\system\BaseModel.php(523): CodeIgniter\Model->doFind(false, NULL)
#4 D:\Xampp\htdocs\Revisao2022\TCC-CI2test\app\Controllers\Home.php(49): CodeIgniter\BaseModel->find()
#5 D:\Xampp\htdocs\Revisao2022\TCC-CI2test\system\CodeIgniter.php(832): App\Controllers\Home->logar()
#6 D:\Xampp\htdocs\Revisao2022\TCC-CI2test\system\CodeIgniter.php(419): CodeIgniter\CodeIgniter->runController(Object(App\Controllers\Home))
#7 D:\Xampp\htdocs\Revisao2022\TCC-CI2test\system\CodeIgniter.php(326): CodeIgniter\CodeIgniter->handleRequest(NULL, Object(Config\Cache), false)
#8 D:\Xampp\htdocs\Revisao2022\TCC-CI2test\public\index.php(37): CodeIgniter\CodeIgniter->run()
#9 D:\Xampp\htdocs\Revisao2022\TCC-CI2test\system\Commands\Server\rewrite.php(43): require_once('D:\\Xampp\\htdocs...')
#10 {main}
ERROR - 2022-06-07 13:46:31 --> Error connecting to the database: Nenhuma conexão pôde ser feita porque a máquina de destino as recusou ativamente
CRITICAL - 2022-06-07 13:46:31 --> Unable to connect to the database.
Main connection [MySQLi]: Nenhuma conexão pôde ser feita porque a máquina de destino as recusou ativamente
#0 D:\Xampp\htdocs\Revisao2022\TCC-CI2test\system\Database\BaseConnection.php(577): CodeIgniter\Database\BaseConnection->initialize()
#1 D:\Xampp\htdocs\Revisao2022\TCC-CI2test\system\Database\BaseBuilder.php(1455): CodeIgniter\Database\BaseConnection->query('SELECT *\nFROM `...', Array, false)
#2 D:\Xampp\htdocs\Revisao2022\TCC-CI2test\system\Model.php(145): CodeIgniter\Database\BaseBuilder->get()
#3 D:\Xampp\htdocs\Revisao2022\TCC-CI2test\system\BaseModel.php(523): CodeIgniter\Model->doFind(false, NULL)
#4 D:\Xampp\htdocs\Revisao2022\TCC-CI2test\app\Controllers\Home.php(49): CodeIgniter\BaseModel->find()
#5 D:\Xampp\htdocs\Revisao2022\TCC-CI2test\system\CodeIgniter.php(832): App\Controllers\Home->logar()
#6 D:\Xampp\htdocs\Revisao2022\TCC-CI2test\system\CodeIgniter.php(419): CodeIgniter\CodeIgniter->runController(Object(App\Controllers\Home))
#7 D:\Xampp\htdocs\Revisao2022\TCC-CI2test\system\CodeIgniter.php(326): CodeIgniter\CodeIgniter->handleRequest(NULL, Object(Config\Cache), false)
#8 D:\Xampp\htdocs\Revisao2022\TCC-CI2test\public\index.php(37): CodeIgniter\CodeIgniter->run()
#9 D:\Xampp\htdocs\Revisao2022\TCC-CI2test\system\Commands\Server\rewrite.php(43): require_once('D:\\Xampp\\htdocs...')
#10 {main}
ERROR - 2022-06-07 13:46:35 --> Error connecting to the database: Nenhuma conexão pôde ser feita porque a máquina de destino as recusou ativamente
CRITICAL - 2022-06-07 13:46:35 --> Unable to connect to the database.
Main connection [MySQLi]: Nenhuma conexão pôde ser feita porque a máquina de destino as recusou ativamente
#0 D:\Xampp\htdocs\Revisao2022\TCC-CI2test\system\Database\BaseConnection.php(577): CodeIgniter\Database\BaseConnection->initialize()
#1 D:\Xampp\htdocs\Revisao2022\TCC-CI2test\system\Database\BaseBuilder.php(1455): CodeIgniter\Database\BaseConnection->query('SELECT *\nFROM `...', Array, false)
#2 D:\Xampp\htdocs\Revisao2022\TCC-CI2test\system\Model.php(145): CodeIgniter\Database\BaseBuilder->get()
#3 D:\Xampp\htdocs\Revisao2022\TCC-CI2test\system\BaseModel.php(523): CodeIgniter\Model->doFind(false, NULL)
#4 D:\Xampp\htdocs\Revisao2022\TCC-CI2test\app\Controllers\Home.php(49): CodeIgniter\BaseModel->find()
#5 D:\Xampp\htdocs\Revisao2022\TCC-CI2test\system\CodeIgniter.php(832): App\Controllers\Home->logar()
#6 D:\Xampp\htdocs\Revisao2022\TCC-CI2test\system\CodeIgniter.php(419): CodeIgniter\CodeIgniter->runController(Object(App\Controllers\Home))
#7 D:\Xampp\htdocs\Revisao2022\TCC-CI2test\system\CodeIgniter.php(326): CodeIgniter\CodeIgniter->handleRequest(NULL, Object(Config\Cache), false)
#8 D:\Xampp\htdocs\Revisao2022\TCC-CI2test\public\index.php(37): CodeIgniter\CodeIgniter->run()
#9 D:\Xampp\htdocs\Revisao2022\TCC-CI2test\system\Commands\Server\rewrite.php(43): require_once('D:\\Xampp\\htdocs...')
#10 {main}
ERROR - 2022-06-07 13:46:44 --> Error connecting to the database: Nenhuma conexão pôde ser feita porque a máquina de destino as recusou ativamente
CRITICAL - 2022-06-07 13:46:44 --> Unable to connect to the database.
Main connection [MySQLi]: Nenhuma conexão pôde ser feita porque a máquina de destino as recusou ativamente
#0 D:\Xampp\htdocs\Revisao2022\TCC-CI2test\system\Database\BaseConnection.php(577): CodeIgniter\Database\BaseConnection->initialize()
#1 D:\Xampp\htdocs\Revisao2022\TCC-CI2test\system\Database\BaseBuilder.php(1455): CodeIgniter\Database\BaseConnection->query('SELECT *\nFROM `...', Array, false)
#2 D:\Xampp\htdocs\Revisao2022\TCC-CI2test\system\Model.php(145): CodeIgniter\Database\BaseBuilder->get()
#3 D:\Xampp\htdocs\Revisao2022\TCC-CI2test\system\BaseModel.php(523): CodeIgniter\Model->doFind(false, NULL)
#4 D:\Xampp\htdocs\Revisao2022\TCC-CI2test\app\Controllers\Home.php(49): CodeIgniter\BaseModel->find()
#5 D:\Xampp\htdocs\Revisao2022\TCC-CI2test\system\CodeIgniter.php(832): App\Controllers\Home->logar()
#6 D:\Xampp\htdocs\Revisao2022\TCC-CI2test\system\CodeIgniter.php(419): CodeIgniter\CodeIgniter->runController(Object(App\Controllers\Home))
#7 D:\Xampp\htdocs\Revisao2022\TCC-CI2test\system\CodeIgniter.php(326): CodeIgniter\CodeIgniter->handleRequest(NULL, Object(Config\Cache), false)
#8 D:\Xampp\htdocs\Revisao2022\TCC-CI2test\public\index.php(37): CodeIgniter\CodeIgniter->run()
#9 D:\Xampp\htdocs\Revisao2022\TCC-CI2test\system\Commands\Server\rewrite.php(43): require_once('D:\\Xampp\\htdocs...')
#10 {main}
CRITICAL - 2022-06-07 18:25:18 --> Undefined variable $iseet
#0 D:\Xampp\htdocs\Revisao2022\TCC-CI2test\app\Views\conteudo\contLogin.php(6): CodeIgniter\Debug\Exceptions->errorHandler(2, 'Undefined varia...', 'D:\\Xampp\\htdocs...', 6)
#1 D:\Xampp\htdocs\Revisao2022\TCC-CI2test\system\View\View.php(210): include('D:\\Xampp\\htdocs...')
#2 D:\Xampp\htdocs\Revisao2022\TCC-CI2test\system\View\View.php(213): CodeIgniter\View\View->CodeIgniter\View\{closure}()
#3 D:\Xampp\htdocs\Revisao2022\TCC-CI2test\system\Common.php(1089): CodeIgniter\View\View->render('conteudo/contLo...', Array, true)
#4 D:\Xampp\htdocs\Revisao2022\TCC-CI2test\app\Views\pagLogin.php(4): view('conteudo/contLo...')
#5 D:\Xampp\htdocs\Revisao2022\TCC-CI2test\system\View\View.php(210): include('D:\\Xampp\\htdocs...')
#6 D:\Xampp\htdocs\Revisao2022\TCC-CI2test\system\View\View.php(213): CodeIgniter\View\View->CodeIgniter\View\{closure}()
#7 D:\Xampp\htdocs\Revisao2022\TCC-CI2test\system\Common.php(1089): CodeIgniter\View\View->render('pagLogin', Array, true)
#8 D:\Xampp\htdocs\Revisao2022\TCC-CI2test\app\Controllers\Home.php(41): view('pagLogin')
#9 D:\Xampp\htdocs\Revisao2022\TCC-CI2test\system\CodeIgniter.php(832): App\Controllers\Home->pagLogin()
#10 D:\Xampp\htdocs\Revisao2022\TCC-CI2test\system\CodeIgniter.php(419): CodeIgniter\CodeIgniter->runController(Object(App\Controllers\Home))
#11 D:\Xampp\htdocs\Revisao2022\TCC-CI2test\system\CodeIgniter.php(326): CodeIgniter\CodeIgniter->handleRequest(NULL, Object(Config\Cache), false)
#12 D:\Xampp\htdocs\Revisao2022\TCC-CI2test\public\index.php(37): CodeIgniter\CodeIgniter->run()
#13 D:\Xampp\htdocs\Revisao2022\TCC-CI2test\system\Commands\Server\rewrite.php(43): require_once('D:\\Xampp\\htdocs...')
#14 {main}
CRITICAL - 2022-06-07 18:25:26 --> Undefined variable $iseet
#0 D:\Xampp\htdocs\Revisao2022\TCC-CI2test\app\Views\conteudo\contLogin.php(6): CodeIgniter\Debug\Exceptions->errorHandler(2, 'Undefined varia...', 'D:\\Xampp\\htdocs...', 6)
#1 D:\Xampp\htdocs\Revisao2022\TCC-CI2test\system\View\View.php(210): include('D:\\Xampp\\htdocs...')
#2 D:\Xampp\htdocs\Revisao2022\TCC-CI2test\system\View\View.php(213): CodeIgniter\View\View->CodeIgniter\View\{closure}()
#3 D:\Xampp\htdocs\Revisao2022\TCC-CI2test\system\Common.php(1089): CodeIgniter\View\View->render('conteudo/contLo...', Array, true)
#4 D:\Xampp\htdocs\Revisao2022\TCC-CI2test\app\Views\pagLogin.php(4): view('conteudo/contLo...')
#5 D:\Xampp\htdocs\Revisao2022\TCC-CI2test\system\View\View.php(210): include('D:\\Xampp\\htdocs...')
#6 D:\Xampp\htdocs\Revisao2022\TCC-CI2test\system\View\View.php(213): CodeIgniter\View\View->CodeIgniter\View\{closure}()
#7 D:\Xampp\htdocs\Revisao2022\TCC-CI2test\system\Common.php(1089): CodeIgniter\View\View->render('pagLogin', Array, true)
#8 D:\Xampp\htdocs\Revisao2022\TCC-CI2test\app\Controllers\Home.php(41): view('pagLogin')
#9 D:\Xampp\htdocs\Revisao2022\TCC-CI2test\system\CodeIgniter.php(832): App\Controllers\Home->pagLogin()
#10 D:\Xampp\htdocs\Revisao2022\TCC-CI2test\system\CodeIgniter.php(419): CodeIgniter\CodeIgniter->runController(Object(App\Controllers\Home))
#11 D:\Xampp\htdocs\Revisao2022\TCC-CI2test\system\CodeIgniter.php(326): CodeIgniter\CodeIgniter->handleRequest(NULL, Object(Config\Cache), false)
#12 D:\Xampp\htdocs\Revisao2022\TCC-CI2test\public\index.php(37): CodeIgniter\CodeIgniter->run()
#13 D:\Xampp\htdocs\Revisao2022\TCC-CI2test\system\Commands\Server\rewrite.php(43): require_once('D:\\Xampp\\htdocs...')
#14 {main}
CRITICAL - 2022-06-07 18:26:06 --> Undefined variable $iseet
#0 D:\Xampp\htdocs\Revisao2022\TCC-CI2test\app\Views\conteudo\contLogin.php(6): CodeIgniter\Debug\Exceptions->errorHandler(2, 'Undefined varia...', 'D:\\Xampp\\htdocs...', 6)
#1 D:\Xampp\htdocs\Revisao2022\TCC-CI2test\system\View\View.php(210): include('D:\\Xampp\\htdocs...')
#2 D:\Xampp\htdocs\Revisao2022\TCC-CI2test\system\View\View.php(213): CodeIgniter\View\View->CodeIgniter\View\{closure}()
#3 D:\Xampp\htdocs\Revisao2022\TCC-CI2test\system\Common.php(1089): CodeIgniter\View\View->render('conteudo/contLo...', Array, true)
#4 D:\Xampp\htdocs\Revisao2022\TCC-CI2test\app\Views\pagLogin.php(4): view('conteudo/contLo...')
#5 D:\Xampp\htdocs\Revisao2022\TCC-CI2test\system\View\View.php(210): include('D:\\Xampp\\htdocs...')
#6 D:\Xampp\htdocs\Revisao2022\TCC-CI2test\system\View\View.php(213): CodeIgniter\View\View->CodeIgniter\View\{closure}()
#7 D:\Xampp\htdocs\Revisao2022\TCC-CI2test\system\Common.php(1089): CodeIgniter\View\View->render('pagLogin', Array, true)
#8 D:\Xampp\htdocs\Revisao2022\TCC-CI2test\app\Controllers\Home.php(41): view('pagLogin')
#9 D:\Xampp\htdocs\Revisao2022\TCC-CI2test\system\CodeIgniter.php(832): App\Controllers\Home->pagLogin()
#10 D:\Xampp\htdocs\Revisao2022\TCC-CI2test\system\CodeIgniter.php(419): CodeIgniter\CodeIgniter->runController(Object(App\Controllers\Home))
#11 D:\Xampp\htdocs\Revisao2022\TCC-CI2test\system\CodeIgniter.php(326): CodeIgniter\CodeIgniter->handleRequest(NULL, Object(Config\Cache), false)
#12 D:\Xampp\htdocs\Revisao2022\TCC-CI2test\public\index.php(37): CodeIgniter\CodeIgniter->run()
#13 D:\Xampp\htdocs\Revisao2022\TCC-CI2test\system\Commands\Server\rewrite.php(43): require_once('D:\\Xampp\\htdocs...')
#14 {main}
CRITICAL - 2022-06-07 18:26:06 --> Undefined variable $iseet
#0 D:\Xampp\htdocs\Revisao2022\TCC-CI2test\app\Views\conteudo\contLogin.php(6): CodeIgniter\Debug\Exceptions->errorHandler(2, 'Undefined varia...', 'D:\\Xampp\\htdocs...', 6)
#1 D:\Xampp\htdocs\Revisao2022\TCC-CI2test\system\View\View.php(210): include('D:\\Xampp\\htdocs...')
#2 D:\Xampp\htdocs\Revisao2022\TCC-CI2test\system\View\View.php(213): CodeIgniter\View\View->CodeIgniter\View\{closure}()
#3 D:\Xampp\htdocs\Revisao2022\TCC-CI2test\system\Common.php(1089): CodeIgniter\View\View->render('conteudo/contLo...', Array, true)
#4 D:\Xampp\htdocs\Revisao2022\TCC-CI2test\app\Views\pagLogin.php(4): view('conteudo/contLo...')
#5 D:\Xampp\htdocs\Revisao2022\TCC-CI2test\system\View\View.php(210): include('D:\\Xampp\\htdocs...')
#6 D:\Xampp\htdocs\Revisao2022\TCC-CI2test\system\View\View.php(213): CodeIgniter\View\View->CodeIgniter\View\{closure}()
#7 D:\Xampp\htdocs\Revisao2022\TCC-CI2test\system\Common.php(1089): CodeIgniter\View\View->render('pagLogin', Array, true)
#8 D:\Xampp\htdocs\Revisao2022\TCC-CI2test\app\Controllers\Home.php(41): view('pagLogin')
#9 D:\Xampp\htdocs\Revisao2022\TCC-CI2test\system\CodeIgniter.php(832): App\Controllers\Home->pagLogin()
#10 D:\Xampp\htdocs\Revisao2022\TCC-CI2test\system\CodeIgniter.php(419): CodeIgniter\CodeIgniter->runController(Object(App\Controllers\Home))
#11 D:\Xampp\htdocs\Revisao2022\TCC-CI2test\system\CodeIgniter.php(326): CodeIgniter\CodeIgniter->handleRequest(NULL, Object(Config\Cache), false)
#12 D:\Xampp\htdocs\Revisao2022\TCC-CI2test\public\index.php(37): CodeIgniter\CodeIgniter->run()
#13 D:\Xampp\htdocs\Revisao2022\TCC-CI2test\system\Commands\Server\rewrite.php(43): require_once('D:\\Xampp\\htdocs...')
#14 {main}
CRITICAL - 2022-06-07 18:26:09 --> Undefined variable $iseet
#0 D:\Xampp\htdocs\Revisao2022\TCC-CI2test\app\Views\conteudo\contLogin.php(6): CodeIgniter\Debug\Exceptions->errorHandler(2, 'Undefined varia...', 'D:\\Xampp\\htdocs...', 6)
#1 D:\Xampp\htdocs\Revisao2022\TCC-CI2test\system\View\View.php(210): include('D:\\Xampp\\htdocs...')
#2 D:\Xampp\htdocs\Revisao2022\TCC-CI2test\system\View\View.php(213): CodeIgniter\View\View->CodeIgniter\View\{closure}()
#3 D:\Xampp\htdocs\Revisao2022\TCC-CI2test\system\Common.php(1089): CodeIgniter\View\View->render('conteudo/contLo...', Array, true)
#4 D:\Xampp\htdocs\Revisao2022\TCC-CI2test\app\Views\pagLogin.php(4): view('conteudo/contLo...')
#5 D:\Xampp\htdocs\Revisao2022\TCC-CI2test\system\View\View.php(210): include('D:\\Xampp\\htdocs...')
#6 D:\Xampp\htdocs\Revisao2022\TCC-CI2test\system\View\View.php(213): CodeIgniter\View\View->CodeIgniter\View\{closure}()
#7 D:\Xampp\htdocs\Revisao2022\TCC-CI2test\system\Common.php(1089): CodeIgniter\View\View->render('pagLogin', Array, true)
#8 D:\Xampp\htdocs\Revisao2022\TCC-CI2test\app\Controllers\Home.php(41): view('pagLogin')
#9 D:\Xampp\htdocs\Revisao2022\TCC-CI2test\system\CodeIgniter.php(832): App\Controllers\Home->pagLogin()
#10 D:\Xampp\htdocs\Revisao2022\TCC-CI2test\system\CodeIgniter.php(419): CodeIgniter\CodeIgniter->runController(Object(App\Controllers\Home))
#11 D:\Xampp\htdocs\Revisao2022\TCC-CI2test\system\CodeIgniter.php(326): CodeIgniter\CodeIgniter->handleRequest(NULL, Object(Config\Cache), false)
#12 D:\Xampp\htdocs\Revisao2022\TCC-CI2test\public\index.php(37): CodeIgniter\CodeIgniter->run()
#13 D:\Xampp\htdocs\Revisao2022\TCC-CI2test\system\Commands\Server\rewrite.php(43): require_once('D:\\Xampp\\htdocs...')
#14 {main}
CRITICAL - 2022-06-07 18:26:54 --> Undefined variable $iseet
#0 D:\Xampp\htdocs\Revisao2022\TCC-CI2test\app\Views\conteudo\contLogin.php(6): CodeIgniter\Debug\Exceptions->errorHandler(2, 'Undefined varia...', 'D:\\Xampp\\htdocs...', 6)
#1 D:\Xampp\htdocs\Revisao2022\TCC-CI2test\system\View\View.php(210): include('D:\\Xampp\\htdocs...')
#2 D:\Xampp\htdocs\Revisao2022\TCC-CI2test\system\View\View.php(213): CodeIgniter\View\View->CodeIgniter\View\{closure}()
#3 D:\Xampp\htdocs\Revisao2022\TCC-CI2test\system\Common.php(1089): CodeIgniter\View\View->render('conteudo/contLo...', Array, true)
#4 D:\Xampp\htdocs\Revisao2022\TCC-CI2test\app\Views\pagLogin.php(4): view('conteudo/contLo...')
#5 D:\Xampp\htdocs\Revisao2022\TCC-CI2test\system\View\View.php(210): include('D:\\Xampp\\htdocs...')
#6 D:\Xampp\htdocs\Revisao2022\TCC-CI2test\system\View\View.php(213): CodeIgniter\View\View->CodeIgniter\View\{closure}()
#7 D:\Xampp\htdocs\Revisao2022\TCC-CI2test\system\Common.php(1089): CodeIgniter\View\View->render('pagLogin', Array, true)
#8 D:\Xampp\htdocs\Revisao2022\TCC-CI2test\app\Controllers\Home.php(41): view('pagLogin')
#9 D:\Xampp\htdocs\Revisao2022\TCC-CI2test\system\CodeIgniter.php(832): App\Controllers\Home->pagLogin()
#10 D:\Xampp\htdocs\Revisao2022\TCC-CI2test\system\CodeIgniter.php(419): CodeIgniter\CodeIgniter->runController(Object(App\Controllers\Home))
#11 D:\Xampp\htdocs\Revisao2022\TCC-CI2test\system\CodeIgniter.php(326): CodeIgniter\CodeIgniter->handleRequest(NULL, Object(Config\Cache), false)
#12 D:\Xampp\htdocs\Revisao2022\TCC-CI2test\public\index.php(37): CodeIgniter\CodeIgniter->run()
#13 D:\Xampp\htdocs\Revisao2022\TCC-CI2test\system\Commands\Server\rewrite.php(43): require_once('D:\\Xampp\\htdocs...')
#14 {main}
CRITICAL - 2022-06-07 18:27:48 --> Undefined variable $iseet
#0 D:\Xampp\htdocs\Revisao2022\TCC-CI2test\app\Views\conteudo\contLogin.php(7): CodeIgniter\Debug\Exceptions->errorHandler(2, 'Undefined varia...', 'D:\\Xampp\\htdocs...', 7)
#1 D:\Xampp\htdocs\Revisao2022\TCC-CI2test\system\View\View.php(210): include('D:\\Xampp\\htdocs...')
#2 D:\Xampp\htdocs\Revisao2022\TCC-CI2test\system\View\View.php(213): CodeIgniter\View\View->CodeIgniter\View\{closure}()
#3 D:\Xampp\htdocs\Revisao2022\TCC-CI2test\system\Common.php(1089): CodeIgniter\View\View->render('conteudo/contLo...', Array, true)
#4 D:\Xampp\htdocs\Revisao2022\TCC-CI2test\app\Views\pagLogin.php(4): view('conteudo/contLo...')
#5 D:\Xampp\htdocs\Revisao2022\TCC-CI2test\system\View\View.php(210): include('D:\\Xampp\\htdocs...')
#6 D:\Xampp\htdocs\Revisao2022\TCC-CI2test\system\View\View.php(213): CodeIgniter\View\View->CodeIgniter\View\{closure}()
#7 D:\Xampp\htdocs\Revisao2022\TCC-CI2test\system\Common.php(1089): CodeIgniter\View\View->render('pagLogin', Array, true)
#8 D:\Xampp\htdocs\Revisao2022\TCC-CI2test\app\Controllers\Home.php(41): view('pagLogin')
#9 D:\Xampp\htdocs\Revisao2022\TCC-CI2test\system\CodeIgniter.php(832): App\Controllers\Home->pagLogin()
#10 D:\Xampp\htdocs\Revisao2022\TCC-CI2test\system\CodeIgniter.php(419): CodeIgniter\CodeIgniter->runController(Object(App\Controllers\Home))
#11 D:\Xampp\htdocs\Revisao2022\TCC-CI2test\system\CodeIgniter.php(326): CodeIgniter\CodeIgniter->handleRequest(NULL, Object(Config\Cache), false)
#12 D:\Xampp\htdocs\Revisao2022\TCC-CI2test\public\index.php(37): CodeIgniter\CodeIgniter->run()
#13 D:\Xampp\htdocs\Revisao2022\TCC-CI2test\system\Commands\Server\rewrite.php(43): require_once('D:\\Xampp\\htdocs...')
#14 {main}
CRITICAL - 2022-06-07 18:27:49 --> Undefined variable $iseet
#0 D:\Xampp\htdocs\Revisao2022\TCC-CI2test\app\Views\conteudo\contLogin.php(7): CodeIgniter\Debug\Exceptions->errorHandler(2, 'Undefined varia...', 'D:\\Xampp\\htdocs...', 7)
#1 D:\Xampp\htdocs\Revisao2022\TCC-CI2test\system\View\View.php(210): include('D:\\Xampp\\htdocs...')
#2 D:\Xampp\htdocs\Revisao2022\TCC-CI2test\system\View\View.php(213): CodeIgniter\View\View->CodeIgniter\View\{closure}()
#3 D:\Xampp\htdocs\Revisao2022\TCC-CI2test\system\Common.php(1089): CodeIgniter\View\View->render('conteudo/contLo...', Array, true)
#4 D:\Xampp\htdocs\Revisao2022\TCC-CI2test\app\Views\pagLogin.php(4): view('conteudo/contLo...')
#5 D:\Xampp\htdocs\Revisao2022\TCC-CI2test\system\View\View.php(210): include('D:\\Xampp\\htdocs...')
#6 D:\Xampp\htdocs\Revisao2022\TCC-CI2test\system\View\View.php(213): CodeIgniter\View\View->CodeIgniter\View\{closure}()
#7 D:\Xampp\htdocs\Revisao2022\TCC-CI2test\system\Common.php(1089): CodeIgniter\View\View->render('pagLogin', Array, true)
#8 D:\Xampp\htdocs\Revisao2022\TCC-CI2test\app\Controllers\Home.php(41): view('pagLogin')
#9 D:\Xampp\htdocs\Revisao2022\TCC-CI2test\system\CodeIgniter.php(832): App\Controllers\Home->pagLogin()
#10 D:\Xampp\htdocs\Revisao2022\TCC-CI2test\system\CodeIgniter.php(419): CodeIgniter\CodeIgniter->runController(Object(App\Controllers\Home))
#11 D:\Xampp\htdocs\Revisao2022\TCC-CI2test\system\CodeIgniter.php(326): CodeIgniter\CodeIgniter->handleRequest(NULL, Object(Config\Cache), false)
#12 D:\Xampp\htdocs\Revisao2022\TCC-CI2test\public\index.php(37): CodeIgniter\CodeIgniter->run()
#13 D:\Xampp\htdocs\Revisao2022\TCC-CI2test\system\Commands\Server\rewrite.php(43): require_once('D:\\Xampp\\htdocs...')
#14 {main}
CRITICAL - 2022-06-07 18:27:51 --> Undefined variable $iseet
#0 D:\Xampp\htdocs\Revisao2022\TCC-CI2test\app\Views\conteudo\contLogin.php(7): CodeIgniter\Debug\Exceptions->errorHandler(2, 'Undefined varia...', 'D:\\Xampp\\htdocs...', 7)
#1 D:\Xampp\htdocs\Revisao2022\TCC-CI2test\system\View\View.php(210): include('D:\\Xampp\\htdocs...')
#2 D:\Xampp\htdocs\Revisao2022\TCC-CI2test\system\View\View.php(213): CodeIgniter\View\View->CodeIgniter\View\{closure}()
#3 D:\Xampp\htdocs\Revisao2022\TCC-CI2test\system\Common.php(1089): CodeIgniter\View\View->render('conteudo/contLo...', Array, true)
#4 D:\Xampp\htdocs\Revisao2022\TCC-CI2test\app\Views\pagLogin.php(4): view('conteudo/contLo...')
#5 D:\Xampp\htdocs\Revisao2022\TCC-CI2test\system\View\View.php(210): include('D:\\Xampp\\htdocs...')
#6 D:\Xampp\htdocs\Revisao2022\TCC-CI2test\system\View\View.php(213): CodeIgniter\View\View->CodeIgniter\View\{closure}()
#7 D:\Xampp\htdocs\Revisao2022\TCC-CI2test\system\Common.php(1089): CodeIgniter\View\View->render('pagLogin', Array, true)
#8 D:\Xampp\htdocs\Revisao2022\TCC-CI2test\app\Controllers\Home.php(41): view('pagLogin')
#9 D:\Xampp\htdocs\Revisao2022\TCC-CI2test\system\CodeIgniter.php(832): App\Controllers\Home->pagLogin()
#10 D:\Xampp\htdocs\Revisao2022\TCC-CI2test\system\CodeIgniter.php(419): CodeIgniter\CodeIgniter->runController(Object(App\Controllers\Home))
#11 D:\Xampp\htdocs\Revisao2022\TCC-CI2test\system\CodeIgniter.php(326): CodeIgniter\CodeIgniter->handleRequest(NULL, Object(Config\Cache), false)
#12 D:\Xampp\htdocs\Revisao2022\TCC-CI2test\public\index.php(37): CodeIgniter\CodeIgniter->run()
#13 D:\Xampp\htdocs\Revisao2022\TCC-CI2test\system\Commands\Server\rewrite.php(43): require_once('D:\\Xampp\\htdocs...')
#14 {main}
CRITICAL - 2022-06-07 18:27:55 --> Undefined variable $iseet
#0 D:\Xampp\htdocs\Revisao2022\TCC-CI2test\app\Views\conteudo\contLogin.php(7): CodeIgniter\Debug\Exceptions->errorHandler(2, 'Undefined varia...', 'D:\\Xampp\\htdocs...', 7)
#1 D:\Xampp\htdocs\Revisao2022\TCC-CI2test\system\View\View.php(210): include('D:\\Xampp\\htdocs...')
#2 D:\Xampp\htdocs\Revisao2022\TCC-CI2test\system\View\View.php(213): CodeIgniter\View\View->CodeIgniter\View\{closure}()
#3 D:\Xampp\htdocs\Revisao2022\TCC-CI2test\system\Common.php(1089): CodeIgniter\View\View->render('conteudo/contLo...', Array, true)
#4 D:\Xampp\htdocs\Revisao2022\TCC-CI2test\app\Views\pagLogin.php(4): view('conteudo/contLo...')
#5 D:\Xampp\htdocs\Revisao2022\TCC-CI2test\system\View\View.php(210): include('D:\\Xampp\\htdocs...')
#6 D:\Xampp\htdocs\Revisao2022\TCC-CI2test\system\View\View.php(213): CodeIgniter\View\View->CodeIgniter\View\{closure}()
#7 D:\Xampp\htdocs\Revisao2022\TCC-CI2test\system\Common.php(1089): CodeIgniter\View\View->render('pagLogin', Array, true)
#8 D:\Xampp\htdocs\Revisao2022\TCC-CI2test\app\Controllers\Home.php(41): view('pagLogin')
#9 D:\Xampp\htdocs\Revisao2022\TCC-CI2test\system\CodeIgniter.php(832): App\Controllers\Home->pagLogin()
#10 D:\Xampp\htdocs\Revisao2022\TCC-CI2test\system\CodeIgniter.php(419): CodeIgniter\CodeIgniter->runController(Object(App\Controllers\Home))
#11 D:\Xampp\htdocs\Revisao2022\TCC-CI2test\system\CodeIgniter.php(326): CodeIgniter\CodeIgniter->handleRequest(NULL, Object(Config\Cache), false)
#12 D:\Xampp\htdocs\Revisao2022\TCC-CI2test\public\index.php(37): CodeIgniter\CodeIgniter->run()
#13 D:\Xampp\htdocs\Revisao2022\TCC-CI2test\system\Commands\Server\rewrite.php(43): require_once('D:\\Xampp\\htdocs...')
#14 {main}
CRITICAL - 2022-06-07 18:29:12 --> Undefined variable $iseet
#0 D:\Xampp\htdocs\Revisao2022\TCC-CI2test\app\Views\conteudo\contLogin.php(7): CodeIgniter\Debug\Exceptions->errorHandler(2, 'Undefined varia...', 'D:\\Xampp\\htdocs...', 7)
#1 D:\Xampp\htdocs\Revisao2022\TCC-CI2test\system\View\View.php(210): include('D:\\Xampp\\htdocs...')
#2 D:\Xampp\htdocs\Revisao2022\TCC-CI2test\system\View\View.php(213): CodeIgniter\View\View->CodeIgniter\View\{closure}()
#3 D:\Xampp\htdocs\Revisao2022\TCC-CI2test\system\Common.php(1089): CodeIgniter\View\View->render('conteudo/contLo...', Array, true)
#4 D:\Xampp\htdocs\Revisao2022\TCC-CI2test\app\Views\pagLogin.php(4): view('conteudo/contLo...')
#5 D:\Xampp\htdocs\Revisao2022\TCC-CI2test\system\View\View.php(210): include('D:\\Xampp\\htdocs...')
#6 D:\Xampp\htdocs\Revisao2022\TCC-CI2test\system\View\View.php(213): CodeIgniter\View\View->CodeIgniter\View\{closure}()
#7 D:\Xampp\htdocs\Revisao2022\TCC-CI2test\system\Common.php(1089): CodeIgniter\View\View->render('pagLogin', Array, true)
#8 D:\Xampp\htdocs\Revisao2022\TCC-CI2test\app\Controllers\Home.php(41): view('pagLogin')
#9 D:\Xampp\htdocs\Revisao2022\TCC-CI2test\system\CodeIgniter.php(832): App\Controllers\Home->pagLogin()
#10 D:\Xampp\htdocs\Revisao2022\TCC-CI2test\system\CodeIgniter.php(419): CodeIgniter\CodeIgniter->runController(Object(App\Controllers\Home))
#11 D:\Xampp\htdocs\Revisao2022\TCC-CI2test\system\CodeIgniter.php(326): CodeIgniter\CodeIgniter->handleRequest(NULL, Object(Config\Cache), false)
#12 D:\Xampp\htdocs\Revisao2022\TCC-CI2test\public\index.php(37): CodeIgniter\CodeIgniter->run()
#13 D:\Xampp\htdocs\Revisao2022\TCC-CI2test\system\Commands\Server\rewrite.php(43): require_once('D:\\Xampp\\htdocs...')
#14 {main}
CRITICAL - 2022-06-07 18:29:42 --> Undefined variable $iseet
#0 D:\Xampp\htdocs\Revisao2022\TCC-CI2test\app\Views\conteudo\contLogin.php(7): CodeIgniter\Debug\Exceptions->errorHandler(2, 'Undefined varia...', 'D:\\Xampp\\htdocs...', 7)
#1 D:\Xampp\htdocs\Revisao2022\TCC-CI2test\system\View\View.php(210): include('D:\\Xampp\\htdocs...')
#2 D:\Xampp\htdocs\Revisao2022\TCC-CI2test\system\View\View.php(213): CodeIgniter\View\View->CodeIgniter\View\{closure}()
#3 D:\Xampp\htdocs\Revisao2022\TCC-CI2test\system\Common.php(1089): CodeIgniter\View\View->render('conteudo/contLo...', Array, true)
#4 D:\Xampp\htdocs\Revisao2022\TCC-CI2test\app\Views\pagLogin.php(4): view('conteudo/contLo...')
#5 D:\Xampp\htdocs\Revisao2022\TCC-CI2test\system\View\View.php(210): include('D:\\Xampp\\htdocs...')
#6 D:\Xampp\htdocs\Revisao2022\TCC-CI2test\system\View\View.php(213): CodeIgniter\View\View->CodeIgniter\View\{closure}()
#7 D:\Xampp\htdocs\Revisao2022\TCC-CI2test\system\Common.php(1089): CodeIgniter\View\View->render('pagLogin', Array, true)
#8 D:\Xampp\htdocs\Revisao2022\TCC-CI2test\app\Controllers\Home.php(41): view('pagLogin')
#9 D:\Xampp\htdocs\Revisao2022\TCC-CI2test\system\CodeIgniter.php(832): App\Controllers\Home->pagLogin()
#10 D:\Xampp\htdocs\Revisao2022\TCC-CI2test\system\CodeIgniter.php(419): CodeIgniter\CodeIgniter->runController(Object(App\Controllers\Home))
#11 D:\Xampp\htdocs\Revisao2022\TCC-CI2test\system\CodeIgniter.php(326): CodeIgniter\CodeIgniter->handleRequest(NULL, Object(Config\Cache), false)
#12 D:\Xampp\htdocs\Revisao2022\TCC-CI2test\public\index.php(37): CodeIgniter\CodeIgniter->run()
#13 D:\Xampp\htdocs\Revisao2022\TCC-CI2test\system\Commands\Server\rewrite.php(43): require_once('D:\\Xampp\\htdocs...')
#14 {main}
CRITICAL - 2022-06-07 18:29:43 --> Undefined variable $iseet
#0 D:\Xampp\htdocs\Revisao2022\TCC-CI2test\app\Views\conteudo\contLogin.php(7): CodeIgniter\Debug\Exceptions->errorHandler(2, 'Undefined varia...', 'D:\\Xampp\\htdocs...', 7)
#1 D:\Xampp\htdocs\Revisao2022\TCC-CI2test\system\View\View.php(210): include('D:\\Xampp\\htdocs...')
#2 D:\Xampp\htdocs\Revisao2022\TCC-CI2test\system\View\View.php(213): CodeIgniter\View\View->CodeIgniter\View\{closure}()
#3 D:\Xampp\htdocs\Revisao2022\TCC-CI2test\system\Common.php(1089): CodeIgniter\View\View->render('conteudo/contLo...', Array, true)
#4 D:\Xampp\htdocs\Revisao2022\TCC-CI2test\app\Views\pagLogin.php(4): view('conteudo/contLo...')
#5 D:\Xampp\htdocs\Revisao2022\TCC-CI2test\system\View\View.php(210): include('D:\\Xampp\\htdocs...')
#6 D:\Xampp\htdocs\Revisao2022\TCC-CI2test\system\View\View.php(213): CodeIgniter\View\View->CodeIgniter\View\{closure}()
#7 D:\Xampp\htdocs\Revisao2022\TCC-CI2test\system\Common.php(1089): CodeIgniter\View\View->render('pagLogin', Array, true)
#8 D:\Xampp\htdocs\Revisao2022\TCC-CI2test\app\Controllers\Home.php(41): view('pagLogin')
#9 D:\Xampp\htdocs\Revisao2022\TCC-CI2test\system\CodeIgniter.php(832): App\Controllers\Home->pagLogin()
#10 D:\Xampp\htdocs\Revisao2022\TCC-CI2test\system\CodeIgniter.php(419): CodeIgniter\CodeIgniter->runController(Object(App\Controllers\Home))
#11 D:\Xampp\htdocs\Revisao2022\TCC-CI2test\system\CodeIgniter.php(326): CodeIgniter\CodeIgniter->handleRequest(NULL, Object(Config\Cache), false)
#12 D:\Xampp\htdocs\Revisao2022\TCC-CI2test\public\index.php(37): CodeIgniter\CodeIgniter->run()
#13 D:\Xampp\htdocs\Revisao2022\TCC-CI2test\system\Commands\Server\rewrite.php(43): require_once('D:\\Xampp\\htdocs...')
#14 {main}
CRITICAL - 2022-06-07 18:29:43 --> Undefined variable $iseet
#0 D:\Xampp\htdocs\Revisao2022\TCC-CI2test\app\Views\conteudo\contLogin.php(7): CodeIgniter\Debug\Exceptions->errorHandler(2, 'Undefined varia...', 'D:\\Xampp\\htdocs...', 7)
#1 D:\Xampp\htdocs\Revisao2022\TCC-CI2test\system\View\View.php(210): include('D:\\Xampp\\htdocs...')
#2 D:\Xampp\htdocs\Revisao2022\TCC-CI2test\system\View\View.php(213): CodeIgniter\View\View->CodeIgniter\View\{closure}()
#3 D:\Xampp\htdocs\Revisao2022\TCC-CI2test\system\Common.php(1089): CodeIgniter\View\View->render('conteudo/contLo...', Array, true)
#4 D:\Xampp\htdocs\Revisao2022\TCC-CI2test\app\Views\pagLogin.php(4): view('conteudo/contLo...')
#5 D:\Xampp\htdocs\Revisao2022\TCC-CI2test\system\View\View.php(210): include('D:\\Xampp\\htdocs...')
#6 D:\Xampp\htdocs\Revisao2022\TCC-CI2test\system\View\View.php(213): CodeIgniter\View\View->CodeIgniter\View\{closure}()
#7 D:\Xampp\htdocs\Revisao2022\TCC-CI2test\system\Common.php(1089): CodeIgniter\View\View->render('pagLogin', Array, true)
#8 D:\Xampp\htdocs\Revisao2022\TCC-CI2test\app\Controllers\Home.php(41): view('pagLogin')
#9 D:\Xampp\htdocs\Revisao2022\TCC-CI2test\system\CodeIgniter.php(832): App\Controllers\Home->pagLogin()
#10 D:\Xampp\htdocs\Revisao2022\TCC-CI2test\system\CodeIgniter.php(419): CodeIgniter\CodeIgniter->runController(Object(App\Controllers\Home))
#11 D:\Xampp\htdocs\Revisao2022\TCC-CI2test\system\CodeIgniter.php(326): CodeIgniter\CodeIgniter->handleRequest(NULL, Object(Config\Cache), false)
#12 D:\Xampp\htdocs\Revisao2022\TCC-CI2test\public\index.php(37): CodeIgniter\CodeIgniter->run()
#13 D:\Xampp\htdocs\Revisao2022\TCC-CI2test\system\Commands\Server\rewrite.php(43): require_once('D:\\Xampp\\htdocs...')
#14 {main}
CRITICAL - 2022-06-07 18:29:43 --> Undefined variable $iseet
#0 D:\Xampp\htdocs\Revisao2022\TCC-CI2test\app\Views\conteudo\contLogin.php(7): CodeIgniter\Debug\Exceptions->errorHandler(2, 'Undefined varia...', 'D:\\Xampp\\htdocs...', 7)
#1 D:\Xampp\htdocs\Revisao2022\TCC-CI2test\system\View\View.php(210): include('D:\\Xampp\\htdocs...')
#2 D:\Xampp\htdocs\Revisao2022\TCC-CI2test\system\View\View.php(213): CodeIgniter\View\View->CodeIgniter\View\{closure}()
#3 D:\Xampp\htdocs\Revisao2022\TCC-CI2test\system\Common.php(1089): CodeIgniter\View\View->render('conteudo/contLo...', Array, true)
#4 D:\Xampp\htdocs\Revisao2022\TCC-CI2test\app\Views\pagLogin.php(4): view('conteudo/contLo...')
#5 D:\Xampp\htdocs\Revisao2022\TCC-CI2test\system\View\View.php(210): include('D:\\Xampp\\htdocs...')
#6 D:\Xampp\htdocs\Revisao2022\TCC-CI2test\system\View\View.php(213): CodeIgniter\View\View->CodeIgniter\View\{closure}()
#7 D:\Xampp\htdocs\Revisao2022\TCC-CI2test\system\Common.php(1089): CodeIgniter\View\View->render('pagLogin', Array, true)
#8 D:\Xampp\htdocs\Revisao2022\TCC-CI2test\app\Controllers\Home.php(41): view('pagLogin')
#9 D:\Xampp\htdocs\Revisao2022\TCC-CI2test\system\CodeIgniter.php(832): App\Controllers\Home->pagLogin()
#10 D:\Xampp\htdocs\Revisao2022\TCC-CI2test\system\CodeIgniter.php(419): CodeIgniter\CodeIgniter->runController(Object(App\Controllers\Home))
#11 D:\Xampp\htdocs\Revisao2022\TCC-CI2test\system\CodeIgniter.php(326): CodeIgniter\CodeIgniter->handleRequest(NULL, Object(Config\Cache), false)
#12 D:\Xampp\htdocs\Revisao2022\TCC-CI2test\public\index.php(37): CodeIgniter\CodeIgniter->run()
#13 D:\Xampp\htdocs\Revisao2022\TCC-CI2test\system\Commands\Server\rewrite.php(43): require_once('D:\\Xampp\\htdocs...')
#14 {main}
CRITICAL - 2022-06-07 18:29:43 --> Undefined variable $iseet
#0 D:\Xampp\htdocs\Revisao2022\TCC-CI2test\app\Views\conteudo\contLogin.php(7): CodeIgniter\Debug\Exceptions->errorHandler(2, 'Undefined varia...', 'D:\\Xampp\\htdocs...', 7)
#1 D:\Xampp\htdocs\Revisao2022\TCC-CI2test\system\View\View.php(210): include('D:\\Xampp\\htdocs...')
#2 D:\Xampp\htdocs\Revisao2022\TCC-CI2test\system\View\View.php(213): CodeIgniter\View\View->CodeIgniter\View\{closure}()
#3 D:\Xampp\htdocs\Revisao2022\TCC-CI2test\system\Common.php(1089): CodeIgniter\View\View->render('conteudo/contLo...', Array, true)
#4 D:\Xampp\htdocs\Revisao2022\TCC-CI2test\app\Views\pagLogin.php(4): view('conteudo/contLo...')
#5 D:\Xampp\htdocs\Revisao2022\TCC-CI2test\system\View\View.php(210): include('D:\\Xampp\\htdocs...')
#6 D:\Xampp\htdocs\Revisao2022\TCC-CI2test\system\View\View.php(213): CodeIgniter\View\View->CodeIgniter\View\{closure}()
#7 D:\Xampp\htdocs\Revisao2022\TCC-CI2test\system\Common.php(1089): CodeIgniter\View\View->render('pagLogin', Array, true)
#8 D:\Xampp\htdocs\Revisao2022\TCC-CI2test\app\Controllers\Home.php(41): view('pagLogin')
#9 D:\Xampp\htdocs\Revisao2022\TCC-CI2test\system\CodeIgniter.php(832): App\Controllers\Home->pagLogin()
#10 D:\Xampp\htdocs\Revisao2022\TCC-CI2test\system\CodeIgniter.php(419): CodeIgniter\CodeIgniter->runController(Object(App\Controllers\Home))
#11 D:\Xampp\htdocs\Revisao2022\TCC-CI2test\system\CodeIgniter.php(326): CodeIgniter\CodeIgniter->handleRequest(NULL, Object(Config\Cache), false)
#12 D:\Xampp\htdocs\Revisao2022\TCC-CI2test\public\index.php(37): CodeIgniter\CodeIgniter->run()
#13 D:\Xampp\htdocs\Revisao2022\TCC-CI2test\system\Commands\Server\rewrite.php(43): require_once('D:\\Xampp\\htdocs...')
#14 {main}
CRITICAL - 2022-06-07 18:29:44 --> Undefined variable $iseet
#0 D:\Xampp\htdocs\Revisao2022\TCC-CI2test\app\Views\conteudo\contLogin.php(7): CodeIgniter\Debug\Exceptions->errorHandler(2, 'Undefined varia...', 'D:\\Xampp\\htdocs...', 7)
#1 D:\Xampp\htdocs\Revisao2022\TCC-CI2test\system\View\View.php(210): include('D:\\Xampp\\htdocs...')
#2 D:\Xampp\htdocs\Revisao2022\TCC-CI2test\system\View\View.php(213): CodeIgniter\View\View->CodeIgniter\View\{closure}()
#3 D:\Xampp\htdocs\Revisao2022\TCC-CI2test\system\Common.php(1089): CodeIgniter\View\View->render('conteudo/contLo...', Array, true)
#4 D:\Xampp\htdocs\Revisao2022\TCC-CI2test\app\Views\pagLogin.php(4): view('conteudo/contLo...')
#5 D:\Xampp\htdocs\Revisao2022\TCC-CI2test\system\View\View.php(210): include('D:\\Xampp\\htdocs...')
#6 D:\Xampp\htdocs\Revisao2022\TCC-CI2test\system\View\View.php(213): CodeIgniter\View\View->CodeIgniter\View\{closure}()
#7 D:\Xampp\htdocs\Revisao2022\TCC-CI2test\system\Common.php(1089): CodeIgniter\View\View->render('pagLogin', Array, true)
#8 D:\Xampp\htdocs\Revisao2022\TCC-CI2test\app\Controllers\Home.php(41): view('pagLogin')
#9 D:\Xampp\htdocs\Revisao2022\TCC-CI2test\system\CodeIgniter.php(832): App\Controllers\Home->pagLogin()
#10 D:\Xampp\htdocs\Revisao2022\TCC-CI2test\system\CodeIgniter.php(419): CodeIgniter\CodeIgniter->runController(Object(App\Controllers\Home))
#11 D:\Xampp\htdocs\Revisao2022\TCC-CI2test\system\CodeIgniter.php(326): CodeIgniter\CodeIgniter->handleRequest(NULL, Object(Config\Cache), false)
#12 D:\Xampp\htdocs\Revisao2022\TCC-CI2test\public\index.php(37): CodeIgniter\CodeIgniter->run()
#13 D:\Xampp\htdocs\Revisao2022\TCC-CI2test\system\Commands\Server\rewrite.php(43): require_once('D:\\Xampp\\htdocs...')
#14 {main}
CRITICAL - 2022-06-07 18:29:44 --> Undefined variable $iseet
#0 D:\Xampp\htdocs\Revisao2022\TCC-CI2test\app\Views\conteudo\contLogin.php(7): CodeIgniter\Debug\Exceptions->errorHandler(2, 'Undefined varia...', 'D:\\Xampp\\htdocs...', 7)
#1 D:\Xampp\htdocs\Revisao2022\TCC-CI2test\system\View\View.php(210): include('D:\\Xampp\\htdocs...')
#2 D:\Xampp\htdocs\Revisao2022\TCC-CI2test\system\View\View.php(213): CodeIgniter\View\View->CodeIgniter\View\{closure}()
#3 D:\Xampp\htdocs\Revisao2022\TCC-CI2test\system\Common.php(1089): CodeIgniter\View\View->render('conteudo/contLo...', Array, true)
#4 D:\Xampp\htdocs\Revisao2022\TCC-CI2test\app\Views\pagLogin.php(4): view('conteudo/contLo...')
#5 D:\Xampp\htdocs\Revisao2022\TCC-CI2test\system\View\View.php(210): include('D:\\Xampp\\htdocs...')
#6 D:\Xampp\htdocs\Revisao2022\TCC-CI2test\system\View\View.php(213): CodeIgniter\View\View->CodeIgniter\View\{closure}()
#7 D:\Xampp\htdocs\Revisao2022\TCC-CI2test\system\Common.php(1089): CodeIgniter\View\View->render('pagLogin', Array, true)
#8 D:\Xampp\htdocs\Revisao2022\TCC-CI2test\app\Controllers\Home.php(41): view('pagLogin')
#9 D:\Xampp\htdocs\Revisao2022\TCC-CI2test\system\CodeIgniter.php(832): App\Controllers\Home->pagLogin()
#10 D:\Xampp\htdocs\Revisao2022\TCC-CI2test\system\CodeIgniter.php(419): CodeIgniter\CodeIgniter->runController(Object(App\Controllers\Home))
#11 D:\Xampp\htdocs\Revisao2022\TCC-CI2test\system\CodeIgniter.php(326): CodeIgniter\CodeIgniter->handleRequest(NULL, Object(Config\Cache), false)
#12 D:\Xampp\htdocs\Revisao2022\TCC-CI2test\public\index.php(37): CodeIgniter\CodeIgniter->run()
#13 D:\Xampp\htdocs\Revisao2022\TCC-CI2test\system\Commands\Server\rewrite.php(43): require_once('D:\\Xampp\\htdocs...')
#14 {main}
CRITICAL - 2022-06-07 18:29:44 --> Undefined variable $iseet
#0 D:\Xampp\htdocs\Revisao2022\TCC-CI2test\app\Views\conteudo\contLogin.php(7): CodeIgniter\Debug\Exceptions->errorHandler(2, 'Undefined varia...', 'D:\\Xampp\\htdocs...', 7)
#1 D:\Xampp\htdocs\Revisao2022\TCC-CI2test\system\View\View.php(210): include('D:\\Xampp\\htdocs...')
#2 D:\Xampp\htdocs\Revisao2022\TCC-CI2test\system\View\View.php(213): CodeIgniter\View\View->CodeIgniter\View\{closure}()
#3 D:\Xampp\htdocs\Revisao2022\TCC-CI2test\system\Common.php(1089): CodeIgniter\View\View->render('conteudo/contLo...', Array, true)
#4 D:\Xampp\htdocs\Revisao2022\TCC-CI2test\app\Views\pagLogin.php(4): view('conteudo/contLo...')
#5 D:\Xampp\htdocs\Revisao2022\TCC-CI2test\system\View\View.php(210): include('D:\\Xampp\\htdocs...')
#6 D:\Xampp\htdocs\Revisao2022\TCC-CI2test\system\View\View.php(213): CodeIgniter\View\View->CodeIgniter\View\{closure}()
#7 D:\Xampp\htdocs\Revisao2022\TCC-CI2test\system\Common.php(1089): CodeIgniter\View\View->render('pagLogin', Array, true)
#8 D:\Xampp\htdocs\Revisao2022\TCC-CI2test\app\Controllers\Home.php(41): view('pagLogin')
#9 D:\Xampp\htdocs\Revisao2022\TCC-CI2test\system\CodeIgniter.php(832): App\Controllers\Home->pagLogin()
#10 D:\Xampp\htdocs\Revisao2022\TCC-CI2test\system\CodeIgniter.php(419): CodeIgniter\CodeIgniter->runController(Object(App\Controllers\Home))
#11 D:\Xampp\htdocs\Revisao2022\TCC-CI2test\system\CodeIgniter.php(326): CodeIgniter\CodeIgniter->handleRequest(NULL, Object(Config\Cache), false)
#12 D:\Xampp\htdocs\Revisao2022\TCC-CI2test\public\index.php(37): CodeIgniter\CodeIgniter->run()
#13 D:\Xampp\htdocs\Revisao2022\TCC-CI2test\system\Commands\Server\rewrite.php(43): require_once('D:\\Xampp\\htdocs...')
#14 {main}
CRITICAL - 2022-06-07 18:30:37 --> Undefined variable $iseet
#0 D:\Xampp\htdocs\Revisao2022\TCC-CI2test\app\Views\conteudo\contLogin.php(7): CodeIgniter\Debug\Exceptions->errorHandler(2, 'Undefined varia...', 'D:\\Xampp\\htdocs...', 7)
#1 D:\Xampp\htdocs\Revisao2022\TCC-CI2test\system\View\View.php(210): include('D:\\Xampp\\htdocs...')
#2 D:\Xampp\htdocs\Revisao2022\TCC-CI2test\system\View\View.php(213): CodeIgniter\View\View->CodeIgniter\View\{closure}()
#3 D:\Xampp\htdocs\Revisao2022\TCC-CI2test\system\Common.php(1089): CodeIgniter\View\View->render('conteudo/contLo...', Array, true)
#4 D:\Xampp\htdocs\Revisao2022\TCC-CI2test\app\Views\pagLogin.php(4): view('conteudo/contLo...')
#5 D:\Xampp\htdocs\Revisao2022\TCC-CI2test\system\View\View.php(210): include('D:\\Xampp\\htdocs...')
#6 D:\Xampp\htdocs\Revisao2022\TCC-CI2test\system\View\View.php(213): CodeIgniter\View\View->CodeIgniter\View\{closure}()
#7 D:\Xampp\htdocs\Revisao2022\TCC-CI2test\system\Common.php(1089): CodeIgniter\View\View->render('pagLogin', Array, true)
#8 D:\Xampp\htdocs\Revisao2022\TCC-CI2test\app\Controllers\Home.php(41): view('pagLogin')
#9 D:\Xampp\htdocs\Revisao2022\TCC-CI2test\system\CodeIgniter.php(832): App\Controllers\Home->pagLogin()
#10 D:\Xampp\htdocs\Revisao2022\TCC-CI2test\system\CodeIgniter.php(419): CodeIgniter\CodeIgniter->runController(Object(App\Controllers\Home))
#11 D:\Xampp\htdocs\Revisao2022\TCC-CI2test\system\CodeIgniter.php(326): CodeIgniter\CodeIgniter->handleRequest(NULL, Object(Config\Cache), false)
#12 D:\Xampp\htdocs\Revisao2022\TCC-CI2test\public\index.php(37): CodeIgniter\CodeIgniter->run()
#13 D:\Xampp\htdocs\Revisao2022\TCC-CI2test\system\Commands\Server\rewrite.php(43): require_once('D:\\Xampp\\htdocs...')
#14 {main}
CRITICAL - 2022-06-07 18:30:37 --> Undefined variable $iseet
#0 D:\Xampp\htdocs\Revisao2022\TCC-CI2test\app\Views\conteudo\contLogin.php(7): CodeIgniter\Debug\Exceptions->errorHandler(2, 'Undefined varia...', 'D:\\Xampp\\htdocs...', 7)
#1 D:\Xampp\htdocs\Revisao2022\TCC-CI2test\system\View\View.php(210): include('D:\\Xampp\\htdocs...')
#2 D:\Xampp\htdocs\Revisao2022\TCC-CI2test\system\View\View.php(213): CodeIgniter\View\View->CodeIgniter\View\{closure}()
#3 D:\Xampp\htdocs\Revisao2022\TCC-CI2test\system\Common.php(1089): CodeIgniter\View\View->render('conteudo/contLo...', Array, true)
#4 D:\Xampp\htdocs\Revisao2022\TCC-CI2test\app\Views\pagLogin.php(4): view('conteudo/contLo...')
#5 D:\Xampp\htdocs\Revisao2022\TCC-CI2test\system\View\View.php(210): include('D:\\Xampp\\htdocs...')
#6 D:\Xampp\htdocs\Revisao2022\TCC-CI2test\system\View\View.php(213): CodeIgniter\View\View->CodeIgniter\View\{closure}()
#7 D:\Xampp\htdocs\Revisao2022\TCC-CI2test\system\Common.php(1089): CodeIgniter\View\View->render('pagLogin', Array, true)
#8 D:\Xampp\htdocs\Revisao2022\TCC-CI2test\app\Controllers\Home.php(41): view('pagLogin')
#9 D:\Xampp\htdocs\Revisao2022\TCC-CI2test\system\CodeIgniter.php(832): App\Controllers\Home->pagLogin()
#10 D:\Xampp\htdocs\Revisao2022\TCC-CI2test\system\CodeIgniter.php(419): CodeIgniter\CodeIgniter->runController(Object(App\Controllers\Home))
#11 D:\Xampp\htdocs\Revisao2022\TCC-CI2test\system\CodeIgniter.php(326): CodeIgniter\CodeIgniter->handleRequest(NULL, Object(Config\Cache), false)
#12 D:\Xampp\htdocs\Revisao2022\TCC-CI2test\public\index.php(37): CodeIgniter\CodeIgniter->run()
#13 D:\Xampp\htdocs\Revisao2022\TCC-CI2test\system\Commands\Server\rewrite.php(43): require_once('D:\\Xampp\\htdocs...')
#14 {main}
CRITICAL - 2022-06-07 18:30:38 --> Undefined variable $iseet
#0 D:\Xampp\htdocs\Revisao2022\TCC-CI2test\app\Views\conteudo\contLogin.php(7): CodeIgniter\Debug\Exceptions->errorHandler(2, 'Undefined varia...', 'D:\\Xampp\\htdocs...', 7)
#1 D:\Xampp\htdocs\Revisao2022\TCC-CI2test\system\View\View.php(210): include('D:\\Xampp\\htdocs...')
#2 D:\Xampp\htdocs\Revisao2022\TCC-CI2test\system\View\View.php(213): CodeIgniter\View\View->CodeIgniter\View\{closure}()
#3 D:\Xampp\htdocs\Revisao2022\TCC-CI2test\system\Common.php(1089): CodeIgniter\View\View->render('conteudo/contLo...', Array, true)
#4 D:\Xampp\htdocs\Revisao2022\TCC-CI2test\app\Views\pagLogin.php(4): view('conteudo/contLo...')
#5 D:\Xampp\htdocs\Revisao2022\TCC-CI2test\system\View\View.php(210): include('D:\\Xampp\\htdocs...')
#6 D:\Xampp\htdocs\Revisao2022\TCC-CI2test\system\View\View.php(213): CodeIgniter\View\View->CodeIgniter\View\{closure}()
#7 D:\Xampp\htdocs\Revisao2022\TCC-CI2test\system\Common.php(1089): CodeIgniter\View\View->render('pagLogin', Array, true)
#8 D:\Xampp\htdocs\Revisao2022\TCC-CI2test\app\Controllers\Home.php(41): view('pagLogin')
#9 D:\Xampp\htdocs\Revisao2022\TCC-CI2test\system\CodeIgniter.php(832): App\Controllers\Home->pagLogin()
#10 D:\Xampp\htdocs\Revisao2022\TCC-CI2test\system\CodeIgniter.php(419): CodeIgniter\CodeIgniter->runController(Object(App\Controllers\Home))
#11 D:\Xampp\htdocs\Revisao2022\TCC-CI2test\system\CodeIgniter.php(326): CodeIgniter\CodeIgniter->handleRequest(NULL, Object(Config\Cache), false)
#12 D:\Xampp\htdocs\Revisao2022\TCC-CI2test\public\index.php(37): CodeIgniter\CodeIgniter->run()
#13 D:\Xampp\htdocs\Revisao2022\TCC-CI2test\system\Commands\Server\rewrite.php(43): require_once('D:\\Xampp\\htdocs...')
#14 {main}
CRITICAL - 2022-06-07 18:30:39 --> Undefined variable $iseet
#0 D:\Xampp\htdocs\Revisao2022\TCC-CI2test\app\Views\conteudo\contLogin.php(7): CodeIgniter\Debug\Exceptions->errorHandler(2, 'Undefined varia...', 'D:\\Xampp\\htdocs...', 7)
#1 D:\Xampp\htdocs\Revisao2022\TCC-CI2test\system\View\View.php(210): include('D:\\Xampp\\htdocs...')
#2 D:\Xampp\htdocs\Revisao2022\TCC-CI2test\system\View\View.php(213): CodeIgniter\View\View->CodeIgniter\View\{closure}()
#3 D:\Xampp\htdocs\Revisao2022\TCC-CI2test\system\Common.php(1089): CodeIgniter\View\View->render('conteudo/contLo...', Array, true)
#4 D:\Xampp\htdocs\Revisao2022\TCC-CI2test\app\Views\pagLogin.php(4): view('conteudo/contLo...')
#5 D:\Xampp\htdocs\Revisao2022\TCC-CI2test\system\View\View.php(210): include('D:\\Xampp\\htdocs...')
#6 D:\Xampp\htdocs\Revisao2022\TCC-CI2test\system\View\View.php(213): CodeIgniter\View\View->CodeIgniter\View\{closure}()
#7 D:\Xampp\htdocs\Revisao2022\TCC-CI2test\system\Common.php(1089): CodeIgniter\View\View->render('pagLogin', Array, true)
#8 D:\Xampp\htdocs\Revisao2022\TCC-CI2test\app\Controllers\Home.php(41): view('pagLogin')
#9 D:\Xampp\htdocs\Revisao2022\TCC-CI2test\system\CodeIgniter.php(832): App\Controllers\Home->pagLogin()
#10 D:\Xampp\htdocs\Revisao2022\TCC-CI2test\system\CodeIgniter.php(419): CodeIgniter\CodeIgniter->runController(Object(App\Controllers\Home))
#11 D:\Xampp\htdocs\Revisao2022\TCC-CI2test\system\CodeIgniter.php(326): CodeIgniter\CodeIgniter->handleRequest(NULL, Object(Config\Cache), false)
#12 D:\Xampp\htdocs\Revisao2022\TCC-CI2test\public\index.php(37): CodeIgniter\CodeIgniter->run()
#13 D:\Xampp\htdocs\Revisao2022\TCC-CI2test\system\Commands\Server\rewrite.php(43): require_once('D:\\Xampp\\htdocs...')
#14 {main}
CRITICAL - 2022-06-07 18:30:40 --> Undefined variable $iseet
#0 D:\Xampp\htdocs\Revisao2022\TCC-CI2test\app\Views\conteudo\contLogin.php(7): CodeIgniter\Debug\Exceptions->errorHandler(2, 'Undefined varia...', 'D:\\Xampp\\htdocs...', 7)
#1 D:\Xampp\htdocs\Revisao2022\TCC-CI2test\system\View\View.php(210): include('D:\\Xampp\\htdocs...')
#2 D:\Xampp\htdocs\Revisao2022\TCC-CI2test\system\View\View.php(213): CodeIgniter\View\View->CodeIgniter\View\{closure}()
#3 D:\Xampp\htdocs\Revisao2022\TCC-CI2test\system\Common.php(1089): CodeIgniter\View\View->render('conteudo/contLo...', Array, true)
#4 D:\Xampp\htdocs\Revisao2022\TCC-CI2test\app\Views\pagLogin.php(4): view('conteudo/contLo...')
#5 D:\Xampp\htdocs\Revisao2022\TCC-CI2test\system\View\View.php(210): include('D:\\Xampp\\htdocs...')
#6 D:\Xampp\htdocs\Revisao2022\TCC-CI2test\system\View\View.php(213): CodeIgniter\View\View->CodeIgniter\View\{closure}()
#7 D:\Xampp\htdocs\Revisao2022\TCC-CI2test\system\Common.php(1089): CodeIgniter\View\View->render('pagLogin', Array, true)
#8 D:\Xampp\htdocs\Revisao2022\TCC-CI2test\app\Controllers\Home.php(41): view('pagLogin')
#9 D:\Xampp\htdocs\Revisao2022\TCC-CI2test\system\CodeIgniter.php(832): App\Controllers\Home->pagLogin()
#10 D:\Xampp\htdocs\Revisao2022\TCC-CI2test\system\CodeIgniter.php(419): CodeIgniter\CodeIgniter->runController(Object(App\Controllers\Home))
#11 D:\Xampp\htdocs\Revisao2022\TCC-CI2test\system\CodeIgniter.php(326): CodeIgniter\CodeIgniter->handleRequest(NULL, Object(Config\Cache), false)
#12 D:\Xampp\htdocs\Revisao2022\TCC-CI2test\public\index.php(37): CodeIgniter\CodeIgniter->run()
#13 D:\Xampp\htdocs\Revisao2022\TCC-CI2test\system\Commands\Server\rewrite.php(43): require_once('D:\\Xampp\\htdocs...')
#14 {main}
CRITICAL - 2022-06-07 18:30:41 --> Undefined variable $iseet
#0 D:\Xampp\htdocs\Revisao2022\TCC-CI2test\app\Views\conteudo\contLogin.php(7): CodeIgniter\Debug\Exceptions->errorHandler(2, 'Undefined varia...', 'D:\\Xampp\\htdocs...', 7)
#1 D:\Xampp\htdocs\Revisao2022\TCC-CI2test\system\View\View.php(210): include('D:\\Xampp\\htdocs...')
#2 D:\Xampp\htdocs\Revisao2022\TCC-CI2test\system\View\View.php(213): CodeIgniter\View\View->CodeIgniter\View\{closure}()
#3 D:\Xampp\htdocs\Revisao2022\TCC-CI2test\system\Common.php(1089): CodeIgniter\View\View->render('conteudo/contLo...', Array, true)
#4 D:\Xampp\htdocs\Revisao2022\TCC-CI2test\app\Views\pagLogin.php(4): view('conteudo/contLo...')
#5 D:\Xampp\htdocs\Revisao2022\TCC-CI2test\system\View\View.php(210): include('D:\\Xampp\\htdocs...')
#6 D:\Xampp\htdocs\Revisao2022\TCC-CI2test\system\View\View.php(213): CodeIgniter\View\View->CodeIgniter\View\{closure}()
#7 D:\Xampp\htdocs\Revisao2022\TCC-CI2test\system\Common.php(1089): CodeIgniter\View\View->render('pagLogin', Array, true)
#8 D:\Xampp\htdocs\Revisao2022\TCC-CI2test\app\Controllers\Home.php(41): view('pagLogin')
#9 D:\Xampp\htdocs\Revisao2022\TCC-CI2test\system\CodeIgniter.php(832): App\Controllers\Home->pagLogin()
#10 D:\Xampp\htdocs\Revisao2022\TCC-CI2test\system\CodeIgniter.php(419): CodeIgniter\CodeIgniter->runController(Object(App\Controllers\Home))
#11 D:\Xampp\htdocs\Revisao2022\TCC-CI2test\system\CodeIgniter.php(326): CodeIgniter\CodeIgniter->handleRequest(NULL, Object(Config\Cache), false)
#12 D:\Xampp\htdocs\Revisao2022\TCC-CI2test\public\index.php(37): CodeIgniter\CodeIgniter->run()
#13 D:\Xampp\htdocs\Revisao2022\TCC-CI2test\system\Commands\Server\rewrite.php(43): require_once('D:\\Xampp\\htdocs...')
#14 {main}
CRITICAL - 2022-06-07 18:31:34 --> Undefined variable $iseet
#0 D:\Xampp\htdocs\Revisao2022\TCC-CI2test\app\Views\conteudo\contLogin.php(7): CodeIgniter\Debug\Exceptions->errorHandler(2, 'Undefined varia...', 'D:\\Xampp\\htdocs...', 7)
#1 D:\Xampp\htdocs\Revisao2022\TCC-CI2test\system\View\View.php(210): include('D:\\Xampp\\htdocs...')
#2 D:\Xampp\htdocs\Revisao2022\TCC-CI2test\system\View\View.php(213): CodeIgniter\View\View->CodeIgniter\View\{closure}()
#3 D:\Xampp\htdocs\Revisao2022\TCC-CI2test\system\Common.php(1089): CodeIgniter\View\View->render('conteudo/contLo...', Array, true)
#4 D:\Xampp\htdocs\Revisao2022\TCC-CI2test\app\Views\pagLogin.php(4): view('conteudo/contLo...')
#5 D:\Xampp\htdocs\Revisao2022\TCC-CI2test\system\View\View.php(210): include('D:\\Xampp\\htdocs...')
#6 D:\Xampp\htdocs\Revisao2022\TCC-CI2test\system\View\View.php(213): CodeIgniter\View\View->CodeIgniter\View\{closure}()
#7 D:\Xampp\htdocs\Revisao2022\TCC-CI2test\system\Common.php(1089): CodeIgniter\View\View->render('pagLogin', Array, true)
#8 D:\Xampp\htdocs\Revisao2022\TCC-CI2test\app\Controllers\Home.php(41): view('pagLogin')
#9 D:\Xampp\htdocs\Revisao2022\TCC-CI2test\system\CodeIgniter.php(832): App\Controllers\Home->pagLogin()
#10 D:\Xampp\htdocs\Revisao2022\TCC-CI2test\system\CodeIgniter.php(419): CodeIgniter\CodeIgniter->runController(Object(App\Controllers\Home))
#11 D:\Xampp\htdocs\Revisao2022\TCC-CI2test\system\CodeIgniter.php(326): CodeIgniter\CodeIgniter->handleRequest(NULL, Object(Config\Cache), false)
#12 D:\Xampp\htdocs\Revisao2022\TCC-CI2test\public\index.php(37): CodeIgniter\CodeIgniter->run()
#13 D:\Xampp\htdocs\Revisao2022\TCC-CI2test\system\Commands\Server\rewrite.php(43): require_once('D:\\Xampp\\htdocs...')
#14 {main}
CRITICAL - 2022-06-07 18:31:34 --> Undefined variable $iseet
#0 D:\Xampp\htdocs\Revisao2022\TCC-CI2test\app\Views\conteudo\contLogin.php(7): CodeIgniter\Debug\Exceptions->errorHandler(2, 'Undefined varia...', 'D:\\Xampp\\htdocs...', 7)
#1 D:\Xampp\htdocs\Revisao2022\TCC-CI2test\system\View\View.php(210): include('D:\\Xampp\\htdocs...')
#2 D:\Xampp\htdocs\Revisao2022\TCC-CI2test\system\View\View.php(213): CodeIgniter\View\View->CodeIgniter\View\{closure}()
#3 D:\Xampp\htdocs\Revisao2022\TCC-CI2test\system\Common.php(1089): CodeIgniter\View\View->render('conteudo/contLo...', Array, true)
#4 D:\Xampp\htdocs\Revisao2022\TCC-CI2test\app\Views\pagLogin.php(4): view('conteudo/contLo...')
#5 D:\Xampp\htdocs\Revisao2022\TCC-CI2test\system\View\View.php(210): include('D:\\Xampp\\htdocs...')
#6 D:\Xampp\htdocs\Revisao2022\TCC-CI2test\system\View\View.php(213): CodeIgniter\View\View->CodeIgniter\View\{closure}()
#7 D:\Xampp\htdocs\Revisao2022\TCC-CI2test\system\Common.php(1089): CodeIgniter\View\View->render('pagLogin', Array, true)
#8 D:\Xampp\htdocs\Revisao2022\TCC-CI2test\app\Controllers\Home.php(41): view('pagLogin')
#9 D:\Xampp\htdocs\Revisao2022\TCC-CI2test\system\CodeIgniter.php(832): App\Controllers\Home->pagLogin()
#10 D:\Xampp\htdocs\Revisao2022\TCC-CI2test\system\CodeIgniter.php(419): CodeIgniter\CodeIgniter->runController(Object(App\Controllers\Home))
#11 D:\Xampp\htdocs\Revisao2022\TCC-CI2test\system\CodeIgniter.php(326): CodeIgniter\CodeIgniter->handleRequest(NULL, Object(Config\Cache), false)
#12 D:\Xampp\htdocs\Revisao2022\TCC-CI2test\public\index.php(37): CodeIgniter\CodeIgniter->run()
#13 D:\Xampp\htdocs\Revisao2022\TCC-CI2test\system\Commands\Server\rewrite.php(43): require_once('D:\\Xampp\\htdocs...')
#14 {main}
CRITICAL - 2022-06-07 18:31:35 --> Undefined variable $iseet
#0 D:\Xampp\htdocs\Revisao2022\TCC-CI2test\app\Views\conteudo\contLogin.php(7): CodeIgniter\Debug\Exceptions->errorHandler(2, 'Undefined varia...', 'D:\\Xampp\\htdocs...', 7)
#1 D:\Xampp\htdocs\Revisao2022\TCC-CI2test\system\View\View.php(210): include('D:\\Xampp\\htdocs...')
#2 D:\Xampp\htdocs\Revisao2022\TCC-CI2test\system\View\View.php(213): CodeIgniter\View\View->CodeIgniter\View\{closure}()
#3 D:\Xampp\htdocs\Revisao2022\TCC-CI2test\system\Common.php(1089): CodeIgniter\View\View->render('conteudo/contLo...', Array, true)
#4 D:\Xampp\htdocs\Revisao2022\TCC-CI2test\app\Views\pagLogin.php(4): view('conteudo/contLo...')
#5 D:\Xampp\htdocs\Revisao2022\TCC-CI2test\system\View\View.php(210): include('D:\\Xampp\\htdocs...')
#6 D:\Xampp\htdocs\Revisao2022\TCC-CI2test\system\View\View.php(213): CodeIgniter\View\View->CodeIgniter\View\{closure}()
#7 D:\Xampp\htdocs\Revisao2022\TCC-CI2test\system\Common.php(1089): CodeIgniter\View\View->render('pagLogin', Array, true)
#8 D:\Xampp\htdocs\Revisao2022\TCC-CI2test\app\Controllers\Home.php(41): view('pagLogin')
#9 D:\Xampp\htdocs\Revisao2022\TCC-CI2test\system\CodeIgniter.php(832): App\Controllers\Home->pagLogin()
#10 D:\Xampp\htdocs\Revisao2022\TCC-CI2test\system\CodeIgniter.php(419): CodeIgniter\CodeIgniter->runController(Object(App\Controllers\Home))
#11 D:\Xampp\htdocs\Revisao2022\TCC-CI2test\system\CodeIgniter.php(326): CodeIgniter\CodeIgniter->handleRequest(NULL, Object(Config\Cache), false)
#12 D:\Xampp\htdocs\Revisao2022\TCC-CI2test\public\index.php(37): CodeIgniter\CodeIgniter->run()
#13 D:\Xampp\htdocs\Revisao2022\TCC-CI2test\system\Commands\Server\rewrite.php(43): require_once('D:\\Xampp\\htdocs...')
#14 {main}
CRITICAL - 2022-06-07 18:31:35 --> Undefined variable $iseet
#0 D:\Xampp\htdocs\Revisao2022\TCC-CI2test\app\Views\conteudo\contLogin.php(7): CodeIgniter\Debug\Exceptions->errorHandler(2, 'Undefined varia...', 'D:\\Xampp\\htdocs...', 7)
#1 D:\Xampp\htdocs\Revisao2022\TCC-CI2test\system\View\View.php(210): include('D:\\Xampp\\htdocs...')
#2 D:\Xampp\htdocs\Revisao2022\TCC-CI2test\system\View\View.php(213): CodeIgniter\View\View->CodeIgniter\View\{closure}()
#3 D:\Xampp\htdocs\Revisao2022\TCC-CI2test\system\Common.php(1089): CodeIgniter\View\View->render('conteudo/contLo...', Array, true)
#4 D:\Xampp\htdocs\Revisao2022\TCC-CI2test\app\Views\pagLogin.php(4): view('conteudo/contLo...')
#5 D:\Xampp\htdocs\Revisao2022\TCC-CI2test\system\View\View.php(210): include('D:\\Xampp\\htdocs...')
#6 D:\Xampp\htdocs\Revisao2022\TCC-CI2test\system\View\View.php(213): CodeIgniter\View\View->CodeIgniter\View\{closure}()
#7 D:\Xampp\htdocs\Revisao2022\TCC-CI2test\system\Common.php(1089): CodeIgniter\View\View->render('pagLogin', Array, true)
#8 D:\Xampp\htdocs\Revisao2022\TCC-CI2test\app\Controllers\Home.php(41): view('pagLogin')
#9 D:\Xampp\htdocs\Revisao2022\TCC-CI2test\system\CodeIgniter.php(832): App\Controllers\Home->pagLogin()
#10 D:\Xampp\htdocs\Revisao2022\TCC-CI2test\system\CodeIgniter.php(419): CodeIgniter\CodeIgniter->runController(Object(App\Controllers\Home))
#11 D:\Xampp\htdocs\Revisao2022\TCC-CI2test\system\CodeIgniter.php(326): CodeIgniter\CodeIgniter->handleRequest(NULL, Object(Config\Cache), false)
#12 D:\Xampp\htdocs\Revisao2022\TCC-CI2test\public\index.php(37): CodeIgniter\CodeIgniter->run()
#13 D:\Xampp\htdocs\Revisao2022\TCC-CI2test\system\Commands\Server\rewrite.php(43): require_once('D:\\Xampp\\htdocs...')
#14 {main}
CRITICAL - 2022-06-07 18:31:35 --> Undefined variable $iseet
#0 D:\Xampp\htdocs\Revisao2022\TCC-CI2test\app\Views\conteudo\contLogin.php(7): CodeIgniter\Debug\Exceptions->errorHandler(2, 'Undefined varia...', 'D:\\Xampp\\htdocs...', 7)
#1 D:\Xampp\htdocs\Revisao2022\TCC-CI2test\system\View\View.php(210): include('D:\\Xampp\\htdocs...')
#2 D:\Xampp\htdocs\Revisao2022\TCC-CI2test\system\View\View.php(213): CodeIgniter\View\View->CodeIgniter\View\{closure}()
#3 D:\Xampp\htdocs\Revisao2022\TCC-CI2test\system\Common.php(1089): CodeIgniter\View\View->render('conteudo/contLo...', Array, true)
#4 D:\Xampp\htdocs\Revisao2022\TCC-CI2test\app\Views\pagLogin.php(4): view('conteudo/contLo...')
#5 D:\Xampp\htdocs\Revisao2022\TCC-CI2test\system\View\View.php(210): include('D:\\Xampp\\htdocs...')
#6 D:\Xampp\htdocs\Revisao2022\TCC-CI2test\system\View\View.php(213): CodeIgniter\View\View->CodeIgniter\View\{closure}()
#7 D:\Xampp\htdocs\Revisao2022\TCC-CI2test\system\Common.php(1089): CodeIgniter\View\View->render('pagLogin', Array, true)
#8 D:\Xampp\htdocs\Revisao2022\TCC-CI2test\app\Controllers\Home.php(41): view('pagLogin')
#9 D:\Xampp\htdocs\Revisao2022\TCC-CI2test\system\CodeIgniter.php(832): App\Controllers\Home->pagLogin()
#10 D:\Xampp\htdocs\Revisao2022\TCC-CI2test\system\CodeIgniter.php(419): CodeIgniter\CodeIgniter->runController(Object(App\Controllers\Home))
#11 D:\Xampp\htdocs\Revisao2022\TCC-CI2test\system\CodeIgniter.php(326): CodeIgniter\CodeIgniter->handleRequest(NULL, Object(Config\Cache), false)
#12 D:\Xampp\htdocs\Revisao2022\TCC-CI2test\public\index.php(37): CodeIgniter\CodeIgniter->run()
#13 D:\Xampp\htdocs\Revisao2022\TCC-CI2test\system\Commands\Server\rewrite.php(43): require_once('D:\\Xampp\\htdocs...')
#14 {main}
CRITICAL - 2022-06-07 18:31:38 --> Undefined variable $iseet
#0 D:\Xampp\htdocs\Revisao2022\TCC-CI2test\app\Views\conteudo\contLogin.php(7): CodeIgniter\Debug\Exceptions->errorHandler(2, 'Undefined varia...', 'D:\\Xampp\\htdocs...', 7)
#1 D:\Xampp\htdocs\Revisao2022\TCC-CI2test\system\View\View.php(210): include('D:\\Xampp\\htdocs...')
#2 D:\Xampp\htdocs\Revisao2022\TCC-CI2test\system\View\View.php(213): CodeIgniter\View\View->CodeIgniter\View\{closure}()
#3 D:\Xampp\htdocs\Revisao2022\TCC-CI2test\system\Common.php(1089): CodeIgniter\View\View->render('conteudo/contLo...', Array, true)
#4 D:\Xampp\htdocs\Revisao2022\TCC-CI2test\app\Views\pagLogin.php(4): view('conteudo/contLo...')
#5 D:\Xampp\htdocs\Revisao2022\TCC-CI2test\system\View\View.php(210): include('D:\\Xampp\\htdocs...')
#6 D:\Xampp\htdocs\Revisao2022\TCC-CI2test\system\View\View.php(213): CodeIgniter\View\View->CodeIgniter\View\{closure}()
#7 D:\Xampp\htdocs\Revisao2022\TCC-CI2test\system\Common.php(1089): CodeIgniter\View\View->render('pagLogin', Array, true)
#8 D:\Xampp\htdocs\Revisao2022\TCC-CI2test\app\Controllers\Home.php(41): view('pagLogin')
#9 D:\Xampp\htdocs\Revisao2022\TCC-CI2test\system\CodeIgniter.php(832): App\Controllers\Home->pagLogin()
#10 D:\Xampp\htdocs\Revisao2022\TCC-CI2test\system\CodeIgniter.php(419): CodeIgniter\CodeIgniter->runController(Object(App\Controllers\Home))
#11 D:\Xampp\htdocs\Revisao2022\TCC-CI2test\system\CodeIgniter.php(326): CodeIgniter\CodeIgniter->handleRequest(NULL, Object(Config\Cache), false)
#12 D:\Xampp\htdocs\Revisao2022\TCC-CI2test\public\index.php(37): CodeIgniter\CodeIgniter->run()
#13 D:\Xampp\htdocs\Revisao2022\TCC-CI2test\system\Commands\Server\rewrite.php(43): require_once('D:\\Xampp\\htdocs...')
#14 {main}
CRITICAL - 2022-06-07 20:23:33 --> Unclosed '{' on line 4
#0 D:\Xampp\htdocs\Revisao2022\TCC-CI2test\system\View\View.php(213): CodeIgniter\View\View->CodeIgniter\View\{closure}()
#1 D:\Xampp\htdocs\Revisao2022\TCC-CI2test\system\Common.php(1089): CodeIgniter\View\View->render('conteudo/contLo...', Array, true)
#2 D:\Xampp\htdocs\Revisao2022\TCC-CI2test\app\Views\pagLogin.php(4): view('conteudo/contLo...')
#3 D:\Xampp\htdocs\Revisao2022\TCC-CI2test\system\View\View.php(210): include('D:\\Xampp\\htdocs...')
#4 D:\Xampp\htdocs\Revisao2022\TCC-CI2test\system\View\View.php(213): CodeIgniter\View\View->CodeIgniter\View\{closure}()
#5 D:\Xampp\htdocs\Revisao2022\TCC-CI2test\system\Common.php(1089): CodeIgniter\View\View->render('pagLogin', Array, true)
#6 D:\Xampp\htdocs\Revisao2022\TCC-CI2test\app\Controllers\Home.php(69): view('pagLogin', Array)
#7 D:\Xampp\htdocs\Revisao2022\TCC-CI2test\system\CodeIgniter.php(832): App\Controllers\Home->loginIncorreto()
#8 D:\Xampp\htdocs\Revisao2022\TCC-CI2test\system\CodeIgniter.php(419): CodeIgniter\CodeIgniter->runController(Object(App\Controllers\Home))
#9 D:\Xampp\htdocs\Revisao2022\TCC-CI2test\system\CodeIgniter.php(326): CodeIgniter\CodeIgniter->handleRequest(NULL, Object(Config\Cache), false)
#10 D:\Xampp\htdocs\Revisao2022\TCC-CI2test\public\index.php(37): CodeIgniter\CodeIgniter->run()
#11 D:\Xampp\htdocs\Revisao2022\TCC-CI2test\system\Commands\Server\rewrite.php(43): require_once('D:\\Xampp\\htdocs...')
#12 {main}
CRITICAL - 2022-06-07 20:23:59 --> Unclosed '{' on line 3
#0 D:\Xampp\htdocs\Revisao2022\TCC-CI2test\system\View\View.php(213): CodeIgniter\View\View->CodeIgniter\View\{closure}()
#1 D:\Xampp\htdocs\Revisao2022\TCC-CI2test\system\Common.php(1089): CodeIgniter\View\View->render('conteudo/contLo...', Array, true)
#2 D:\Xampp\htdocs\Revisao2022\TCC-CI2test\app\Views\pagLogin.php(4): view('conteudo/contLo...')
#3 D:\Xampp\htdocs\Revisao2022\TCC-CI2test\system\View\View.php(210): include('D:\\Xampp\\htdocs...')
#4 D:\Xampp\htdocs\Revisao2022\TCC-CI2test\system\View\View.php(213): CodeIgniter\View\View->CodeIgniter\View\{closure}()
#5 D:\Xampp\htdocs\Revisao2022\TCC-CI2test\system\Common.php(1089): CodeIgniter\View\View->render('pagLogin', Array, true)
#6 D:\Xampp\htdocs\Revisao2022\TCC-CI2test\app\Controllers\Home.php(69): view('pagLogin', Array)
#7 D:\Xampp\htdocs\Revisao2022\TCC-CI2test\system\CodeIgniter.php(832): App\Controllers\Home->loginIncorreto()
#8 D:\Xampp\htdocs\Revisao2022\TCC-CI2test\system\CodeIgniter.php(419): CodeIgniter\CodeIgniter->runController(Object(App\Controllers\Home))
#9 D:\Xampp\htdocs\Revisao2022\TCC-CI2test\system\CodeIgniter.php(326): CodeIgniter\CodeIgniter->handleRequest(NULL, Object(Config\Cache), false)
#10 D:\Xampp\htdocs\Revisao2022\TCC-CI2test\public\index.php(37): CodeIgniter\CodeIgniter->run()
#11 D:\Xampp\htdocs\Revisao2022\TCC-CI2test\system\Commands\Server\rewrite.php(43): require_once('D:\\Xampp\\htdocs...')
#12 {main}
CRITICAL - 2022-06-07 20:23:59 --> Unclosed '{' on line 3
#0 D:\Xampp\htdocs\Revisao2022\TCC-CI2test\system\View\View.php(213): CodeIgniter\View\View->CodeIgniter\View\{closure}()
#1 D:\Xampp\htdocs\Revisao2022\TCC-CI2test\system\Common.php(1089): CodeIgniter\View\View->render('conteudo/contLo...', Array, true)
#2 D:\Xampp\htdocs\Revisao2022\TCC-CI2test\app\Views\pagLogin.php(4): view('conteudo/contLo...')
#3 D:\Xampp\htdocs\Revisao2022\TCC-CI2test\system\View\View.php(210): include('D:\\Xampp\\htdocs...')
#4 D:\Xampp\htdocs\Revisao2022\TCC-CI2test\system\View\View.php(213): CodeIgniter\View\View->CodeIgniter\View\{closure}()
#5 D:\Xampp\htdocs\Revisao2022\TCC-CI2test\system\Common.php(1089): CodeIgniter\View\View->render('pagLogin', Array, true)
#6 D:\Xampp\htdocs\Revisao2022\TCC-CI2test\app\Controllers\Home.php(69): view('pagLogin', Array)
#7 D:\Xampp\htdocs\Revisao2022\TCC-CI2test\system\CodeIgniter.php(832): App\Controllers\Home->loginIncorreto()
#8 D:\Xampp\htdocs\Revisao2022\TCC-CI2test\system\CodeIgniter.php(419): CodeIgniter\CodeIgniter->runController(Object(App\Controllers\Home))
#9 D:\Xampp\htdocs\Revisao2022\TCC-CI2test\system\CodeIgniter.php(326): CodeIgniter\CodeIgniter->handleRequest(NULL, Object(Config\Cache), false)
#10 D:\Xampp\htdocs\Revisao2022\TCC-CI2test\public\index.php(37): CodeIgniter\CodeIgniter->run()
#11 D:\Xampp\htdocs\Revisao2022\TCC-CI2test\system\Commands\Server\rewrite.php(43): require_once('D:\\Xampp\\htdocs...')
#12 {main}
