CRITICAL - 2022-05-31 12:13:40 --> Undefined property: App\Controllers\Login::$resquest
#0 D:\Xampp\htdocs\Revisao2022\TCC-CI2\app\Controllers\Login.php(12): CodeIgniter\Debug\Exceptions->errorHandler(2, 'Undefined prope...', 'D:\\Xampp\\htdocs...', 12)
#1 D:\Xampp\htdocs\Revisao2022\TCC-CI2\system\CodeIgniter.php(832): App\Controllers\Login->logar()
#2 D:\Xampp\htdocs\Revisao2022\TCC-CI2\system\CodeIgniter.php(419): CodeIgniter\CodeIgniter->runController(Object(App\Controllers\Login))
#3 D:\Xampp\htdocs\Revisao2022\TCC-CI2\system\CodeIgniter.php(326): CodeIgniter\CodeIgniter->handleRequest(NULL, Object(Config\Cache), false)
#4 D:\Xampp\htdocs\Revisao2022\TCC-CI2\public\index.php(37): CodeIgniter\CodeIgniter->run()
#5 D:\Xampp\htdocs\Revisao2022\TCC-CI2\system\Commands\Server\rewrite.php(43): require_once('D:\\Xampp\\htdocs...')
#6 {main}
CRITICAL - 2022-05-31 12:24:36 --> Invalid file: pagina_inicial.php
#0 D:\Xampp\htdocs\Revisao2022\TCC-CI2\system\View\View.php(198): CodeIgniter\Exceptions\FrameworkException::forInvalidFile('pagina_inicial....')
#1 D:\Xampp\htdocs\Revisao2022\TCC-CI2\system\Common.php(1089): CodeIgniter\View\View->render('pagina_inicial', Array, true)
#2 D:\Xampp\htdocs\Revisao2022\TCC-CI2\app\Controllers\Home.php(34): view('pagina_inicial')
#3 D:\Xampp\htdocs\Revisao2022\TCC-CI2\system\CodeIgniter.php(832): App\Controllers\Home->pagina_inicial()
#4 D:\Xampp\htdocs\Revisao2022\TCC-CI2\system\CodeIgniter.php(419): CodeIgniter\CodeIgniter->runController(Object(App\Controllers\Home))
#5 D:\Xampp\htdocs\Revisao2022\TCC-CI2\system\CodeIgniter.php(326): CodeIgniter\CodeIgniter->handleRequest(NULL, Object(Config\Cache), false)
#6 D:\Xampp\htdocs\Revisao2022\TCC-CI2\public\index.php(37): CodeIgniter\CodeIgniter->run()
#7 D:\Xampp\htdocs\Revisao2022\TCC-CI2\system\Commands\Server\rewrite.php(43): require_once('D:\\Xampp\\htdocs...')
#8 {main}
CRITICAL - 2022-05-31 12:24:40 --> Invalid file: paginasLogado/index.php
#0 D:\Xampp\htdocs\Revisao2022\TCC-CI2\system\View\View.php(198): CodeIgniter\Exceptions\FrameworkException::forInvalidFile('paginasLogado/i...')
#1 D:\Xampp\htdocs\Revisao2022\TCC-CI2\system\Common.php(1089): CodeIgniter\View\View->render('paginasLogado/i...', Array, true)
#2 D:\Xampp\htdocs\Revisao2022\TCC-CI2\app\Controllers\PagLogado.php(11): view('paginasLogado/i...')
#3 D:\Xampp\htdocs\Revisao2022\TCC-CI2\system\CodeIgniter.php(832): App\Controllers\PagLogado->pagina_inicial()
#4 D:\Xampp\htdocs\Revisao2022\TCC-CI2\system\CodeIgniter.php(419): CodeIgniter\CodeIgniter->runController(Object(App\Controllers\PagLogado))
#5 D:\Xampp\htdocs\Revisao2022\TCC-CI2\system\CodeIgniter.php(326): CodeIgniter\CodeIgniter->handleRequest(NULL, Object(Config\Cache), false)
#6 D:\Xampp\htdocs\Revisao2022\TCC-CI2\public\index.php(37): CodeIgniter\CodeIgniter->run()
#7 D:\Xampp\htdocs\Revisao2022\TCC-CI2\system\Commands\Server\rewrite.php(43): require_once('D:\\Xampp\\htdocs...')
#8 {main}
CRITICAL - 2022-05-31 12:24:49 --> Invalid file: paginasLogado/index.php
#0 D:\Xampp\htdocs\Revisao2022\TCC-CI2\system\View\View.php(198): CodeIgniter\Exceptions\FrameworkException::forInvalidFile('paginasLogado/i...')
#1 D:\Xampp\htdocs\Revisao2022\TCC-CI2\system\Common.php(1089): CodeIgniter\View\View->render('paginasLogado/i...', Array, true)
#2 D:\Xampp\htdocs\Revisao2022\TCC-CI2\app\Controllers\PagLogado.php(11): view('paginasLogado/i...')
#3 D:\Xampp\htdocs\Revisao2022\TCC-CI2\system\CodeIgniter.php(832): App\Controllers\PagLogado->pagina_inicial()
#4 D:\Xampp\htdocs\Revisao2022\TCC-CI2\system\CodeIgniter.php(419): CodeIgniter\CodeIgniter->runController(Object(App\Controllers\PagLogado))
#5 D:\Xampp\htdocs\Revisao2022\TCC-CI2\system\CodeIgniter.php(326): CodeIgniter\CodeIgniter->handleRequest(NULL, Object(Config\Cache), false)
#6 D:\Xampp\htdocs\Revisao2022\TCC-CI2\public\index.php(37): CodeIgniter\CodeIgniter->run()
#7 D:\Xampp\htdocs\Revisao2022\TCC-CI2\system\Commands\Server\rewrite.php(43): require_once('D:\\Xampp\\htdocs...')
#8 {main}
