CRITICAL - 2022-06-20 16:48:51 --> There is no data to insert.
#0 D:\Xampp\htdocs\Revisao2022\TCC-CI2test\system\BaseModel.php(718): CodeIgniter\Database\Exceptions\DataException::forEmptyDataset('insert')
#1 D:\Xampp\htdocs\Revisao2022\TCC-CI2test\system\Model.php(625): CodeIgniter\BaseModel->insert(Array, false)
#2 D:\Xampp\htdocs\Revisao2022\TCC-CI2test\system\BaseModel.php(658): CodeIgniter\Model->insert(Array, false)
#3 D:\Xampp\htdocs\Revisao2022\TCC-CI2test\app\Controllers\CadastroUsu.php(36): CodeIgniter\BaseModel->save(Array)
#4 D:\Xampp\htdocs\Revisao2022\TCC-CI2test\system\CodeIgniter.php(832): App\Controllers\CadastroUsu->Cadastro()
#5 D:\Xampp\htdocs\Revisao2022\TCC-CI2test\system\CodeIgniter.php(419): CodeIgniter\CodeIgniter->runController(Object(App\Controllers\CadastroUsu))
#6 D:\Xampp\htdocs\Revisao2022\TCC-CI2test\system\CodeIgniter.php(326): CodeIgniter\CodeIgniter->handleRequest(NULL, Object(Config\Cache), false)
#7 D:\Xampp\htdocs\Revisao2022\TCC-CI2test\public\index.php(37): CodeIgniter\CodeIgniter->run()
#8 D:\Xampp\htdocs\Revisao2022\TCC-CI2test\system\Commands\Server\rewrite.php(43): require_once('D:\\Xampp\\htdocs...')
#9 {main}
CRITICAL - 2022-06-20 16:49:50 --> There is no data to insert.
#0 D:\Xampp\htdocs\Revisao2022\TCC-CI2test\system\BaseModel.php(718): CodeIgniter\Database\Exceptions\DataException::forEmptyDataset('insert')
#1 D:\Xampp\htdocs\Revisao2022\TCC-CI2test\system\Model.php(625): CodeIgniter\BaseModel->insert(Array, false)
#2 D:\Xampp\htdocs\Revisao2022\TCC-CI2test\system\BaseModel.php(658): CodeIgniter\Model->insert(Array, false)
#3 D:\Xampp\htdocs\Revisao2022\TCC-CI2test\app\Controllers\CadastroUsu.php(36): CodeIgniter\BaseModel->save(Array)
#4 D:\Xampp\htdocs\Revisao2022\TCC-CI2test\system\CodeIgniter.php(832): App\Controllers\CadastroUsu->Cadastro()
#5 D:\Xampp\htdocs\Revisao2022\TCC-CI2test\system\CodeIgniter.php(419): CodeIgniter\CodeIgniter->runController(Object(App\Controllers\CadastroUsu))
#6 D:\Xampp\htdocs\Revisao2022\TCC-CI2test\system\CodeIgniter.php(326): CodeIgniter\CodeIgniter->handleRequest(NULL, Object(Config\Cache), false)
#7 D:\Xampp\htdocs\Revisao2022\TCC-CI2test\public\index.php(37): CodeIgniter\CodeIgniter->run()
#8 D:\Xampp\htdocs\Revisao2022\TCC-CI2test\system\Commands\Server\rewrite.php(43): require_once('D:\\Xampp\\htdocs...')
#9 {main}
CRITICAL - 2022-06-20 16:50:46 --> There is no data to insert.
#0 D:\Xampp\htdocs\Revisao2022\TCC-CI2test\system\BaseModel.php(718): CodeIgniter\Database\Exceptions\DataException::forEmptyDataset('insert')
#1 D:\Xampp\htdocs\Revisao2022\TCC-CI2test\system\Model.php(625): CodeIgniter\BaseModel->insert(Array, false)
#2 D:\Xampp\htdocs\Revisao2022\TCC-CI2test\system\BaseModel.php(658): CodeIgniter\Model->insert(Array, false)
#3 D:\Xampp\htdocs\Revisao2022\TCC-CI2test\app\Controllers\CadastroUsu.php(35): CodeIgniter\BaseModel->save(Array)
#4 D:\Xampp\htdocs\Revisao2022\TCC-CI2test\system\CodeIgniter.php(832): App\Controllers\CadastroUsu->Cadastro()
#5 D:\Xampp\htdocs\Revisao2022\TCC-CI2test\system\CodeIgniter.php(419): CodeIgniter\CodeIgniter->runController(Object(App\Controllers\CadastroUsu))
#6 D:\Xampp\htdocs\Revisao2022\TCC-CI2test\system\CodeIgniter.php(326): CodeIgniter\CodeIgniter->handleRequest(NULL, Object(Config\Cache), false)
#7 D:\Xampp\htdocs\Revisao2022\TCC-CI2test\public\index.php(37): CodeIgniter\CodeIgniter->run()
#8 D:\Xampp\htdocs\Revisao2022\TCC-CI2test\system\Commands\Server\rewrite.php(43): require_once('D:\\Xampp\\htdocs...')
#9 {main}
CRITICAL - 2022-06-20 16:52:13 --> There is no data to insert.
#0 D:\Xampp\htdocs\Revisao2022\TCC-CI2test\system\BaseModel.php(718): CodeIgniter\Database\Exceptions\DataException::forEmptyDataset('insert')
#1 D:\Xampp\htdocs\Revisao2022\TCC-CI2test\system\Model.php(625): CodeIgniter\BaseModel->insert(Array, false)
#2 D:\Xampp\htdocs\Revisao2022\TCC-CI2test\system\BaseModel.php(658): CodeIgniter\Model->insert(Array, false)
#3 D:\Xampp\htdocs\Revisao2022\TCC-CI2test\app\Controllers\CadastroUsu.php(36): CodeIgniter\BaseModel->save(Array)
#4 D:\Xampp\htdocs\Revisao2022\TCC-CI2test\system\CodeIgniter.php(832): App\Controllers\CadastroUsu->Cadastro()
#5 D:\Xampp\htdocs\Revisao2022\TCC-CI2test\system\CodeIgniter.php(419): CodeIgniter\CodeIgniter->runController(Object(App\Controllers\CadastroUsu))
#6 D:\Xampp\htdocs\Revisao2022\TCC-CI2test\system\CodeIgniter.php(326): CodeIgniter\CodeIgniter->handleRequest(NULL, Object(Config\Cache), false)
#7 D:\Xampp\htdocs\Revisao2022\TCC-CI2test\public\index.php(37): CodeIgniter\CodeIgniter->run()
#8 D:\Xampp\htdocs\Revisao2022\TCC-CI2test\system\Commands\Server\rewrite.php(43): require_once('D:\\Xampp\\htdocs...')
#9 {main}
CRITICAL - 2022-06-20 16:52:18 --> There is no data to insert.
#0 D:\Xampp\htdocs\Revisao2022\TCC-CI2test\system\BaseModel.php(718): CodeIgniter\Database\Exceptions\DataException::forEmptyDataset('insert')
#1 D:\Xampp\htdocs\Revisao2022\TCC-CI2test\system\Model.php(625): CodeIgniter\BaseModel->insert(Array, false)
#2 D:\Xampp\htdocs\Revisao2022\TCC-CI2test\system\BaseModel.php(658): CodeIgniter\Model->insert(Array, false)
#3 D:\Xampp\htdocs\Revisao2022\TCC-CI2test\app\Controllers\CadastroUsu.php(36): CodeIgniter\BaseModel->save(Array)
#4 D:\Xampp\htdocs\Revisao2022\TCC-CI2test\system\CodeIgniter.php(832): App\Controllers\CadastroUsu->Cadastro()
#5 D:\Xampp\htdocs\Revisao2022\TCC-CI2test\system\CodeIgniter.php(419): CodeIgniter\CodeIgniter->runController(Object(App\Controllers\CadastroUsu))
#6 D:\Xampp\htdocs\Revisao2022\TCC-CI2test\system\CodeIgniter.php(326): CodeIgniter\CodeIgniter->handleRequest(NULL, Object(Config\Cache), false)
#7 D:\Xampp\htdocs\Revisao2022\TCC-CI2test\public\index.php(37): CodeIgniter\CodeIgniter->run()
#8 D:\Xampp\htdocs\Revisao2022\TCC-CI2test\system\Commands\Server\rewrite.php(43): require_once('D:\\Xampp\\htdocs...')
#9 {main}
CRITICAL - 2022-06-20 16:52:40 --> There is no data to insert.
#0 D:\Xampp\htdocs\Revisao2022\TCC-CI2test\system\BaseModel.php(718): CodeIgniter\Database\Exceptions\DataException::forEmptyDataset('insert')
#1 D:\Xampp\htdocs\Revisao2022\TCC-CI2test\system\Model.php(625): CodeIgniter\BaseModel->insert(Array, false)
#2 D:\Xampp\htdocs\Revisao2022\TCC-CI2test\system\BaseModel.php(658): CodeIgniter\Model->insert(Array, false)
#3 D:\Xampp\htdocs\Revisao2022\TCC-CI2test\app\Controllers\CadastroUsu.php(36): CodeIgniter\BaseModel->save(Array)
#4 D:\Xampp\htdocs\Revisao2022\TCC-CI2test\system\CodeIgniter.php(832): App\Controllers\CadastroUsu->Cadastro()
#5 D:\Xampp\htdocs\Revisao2022\TCC-CI2test\system\CodeIgniter.php(419): CodeIgniter\CodeIgniter->runController(Object(App\Controllers\CadastroUsu))
#6 D:\Xampp\htdocs\Revisao2022\TCC-CI2test\system\CodeIgniter.php(326): CodeIgniter\CodeIgniter->handleRequest(NULL, Object(Config\Cache), false)
#7 D:\Xampp\htdocs\Revisao2022\TCC-CI2test\public\index.php(37): CodeIgniter\CodeIgniter->run()
#8 D:\Xampp\htdocs\Revisao2022\TCC-CI2test\system\Commands\Server\rewrite.php(43): require_once('D:\\Xampp\\htdocs...')
#9 {main}
CRITICAL - 2022-06-20 16:52:44 --> There is no data to insert.
#0 D:\Xampp\htdocs\Revisao2022\TCC-CI2test\system\BaseModel.php(718): CodeIgniter\Database\Exceptions\DataException::forEmptyDataset('insert')
#1 D:\Xampp\htdocs\Revisao2022\TCC-CI2test\system\Model.php(625): CodeIgniter\BaseModel->insert(Array, false)
#2 D:\Xampp\htdocs\Revisao2022\TCC-CI2test\system\BaseModel.php(658): CodeIgniter\Model->insert(Array, false)
#3 D:\Xampp\htdocs\Revisao2022\TCC-CI2test\app\Controllers\CadastroUsu.php(36): CodeIgniter\BaseModel->save(Array)
#4 D:\Xampp\htdocs\Revisao2022\TCC-CI2test\system\CodeIgniter.php(832): App\Controllers\CadastroUsu->Cadastro()
#5 D:\Xampp\htdocs\Revisao2022\TCC-CI2test\system\CodeIgniter.php(419): CodeIgniter\CodeIgniter->runController(Object(App\Controllers\CadastroUsu))
#6 D:\Xampp\htdocs\Revisao2022\TCC-CI2test\system\CodeIgniter.php(326): CodeIgniter\CodeIgniter->handleRequest(NULL, Object(Config\Cache), false)
#7 D:\Xampp\htdocs\Revisao2022\TCC-CI2test\public\index.php(37): CodeIgniter\CodeIgniter->run()
#8 D:\Xampp\htdocs\Revisao2022\TCC-CI2test\system\Commands\Server\rewrite.php(43): require_once('D:\\Xampp\\htdocs...')
#9 {main}
CRITICAL - 2022-06-20 16:53:18 --> There is no data to insert.
#0 D:\Xampp\htdocs\Revisao2022\TCC-CI2test\system\BaseModel.php(718): CodeIgniter\Database\Exceptions\DataException::forEmptyDataset('insert')
#1 D:\Xampp\htdocs\Revisao2022\TCC-CI2test\system\Model.php(625): CodeIgniter\BaseModel->insert(Array, false)
#2 D:\Xampp\htdocs\Revisao2022\TCC-CI2test\system\BaseModel.php(658): CodeIgniter\Model->insert(Array, false)
#3 D:\Xampp\htdocs\Revisao2022\TCC-CI2test\app\Controllers\CadastroUsu.php(36): CodeIgniter\BaseModel->save(Array)
#4 D:\Xampp\htdocs\Revisao2022\TCC-CI2test\system\CodeIgniter.php(832): App\Controllers\CadastroUsu->Cadastro()
#5 D:\Xampp\htdocs\Revisao2022\TCC-CI2test\system\CodeIgniter.php(419): CodeIgniter\CodeIgniter->runController(Object(App\Controllers\CadastroUsu))
#6 D:\Xampp\htdocs\Revisao2022\TCC-CI2test\system\CodeIgniter.php(326): CodeIgniter\CodeIgniter->handleRequest(NULL, Object(Config\Cache), false)
#7 D:\Xampp\htdocs\Revisao2022\TCC-CI2test\public\index.php(37): CodeIgniter\CodeIgniter->run()
#8 D:\Xampp\htdocs\Revisao2022\TCC-CI2test\system\Commands\Server\rewrite.php(43): require_once('D:\\Xampp\\htdocs...')
#9 {main}
CRITICAL - 2022-06-20 16:58:35 --> There is no data to insert.
#0 D:\Xampp\htdocs\Revisao2022\TCC-CI2test\system\BaseModel.php(718): CodeIgniter\Database\Exceptions\DataException::forEmptyDataset('insert')
#1 D:\Xampp\htdocs\Revisao2022\TCC-CI2test\system\Model.php(625): CodeIgniter\BaseModel->insert(Array, false)
#2 D:\Xampp\htdocs\Revisao2022\TCC-CI2test\system\BaseModel.php(658): CodeIgniter\Model->insert(Array, false)
#3 D:\Xampp\htdocs\Revisao2022\TCC-CI2test\app\Controllers\CadastroUsu.php(36): CodeIgniter\BaseModel->save(Array)
#4 D:\Xampp\htdocs\Revisao2022\TCC-CI2test\system\CodeIgniter.php(832): App\Controllers\CadastroUsu->Cadastro()
#5 D:\Xampp\htdocs\Revisao2022\TCC-CI2test\system\CodeIgniter.php(419): CodeIgniter\CodeIgniter->runController(Object(App\Controllers\CadastroUsu))
#6 D:\Xampp\htdocs\Revisao2022\TCC-CI2test\system\CodeIgniter.php(326): CodeIgniter\CodeIgniter->handleRequest(NULL, Object(Config\Cache), false)
#7 D:\Xampp\htdocs\Revisao2022\TCC-CI2test\public\index.php(37): CodeIgniter\CodeIgniter->run()
#8 D:\Xampp\htdocs\Revisao2022\TCC-CI2test\system\Commands\Server\rewrite.php(43): require_once('D:\\Xampp\\htdocs...')
#9 {main}
CRITICAL - 2022-06-20 16:58:38 --> There is no data to insert.
#0 D:\Xampp\htdocs\Revisao2022\TCC-CI2test\system\BaseModel.php(718): CodeIgniter\Database\Exceptions\DataException::forEmptyDataset('insert')
#1 D:\Xampp\htdocs\Revisao2022\TCC-CI2test\system\Model.php(625): CodeIgniter\BaseModel->insert(Array, false)
#2 D:\Xampp\htdocs\Revisao2022\TCC-CI2test\system\BaseModel.php(658): CodeIgniter\Model->insert(Array, false)
#3 D:\Xampp\htdocs\Revisao2022\TCC-CI2test\app\Controllers\CadastroUsu.php(36): CodeIgniter\BaseModel->save(Array)
#4 D:\Xampp\htdocs\Revisao2022\TCC-CI2test\system\CodeIgniter.php(832): App\Controllers\CadastroUsu->Cadastro()
#5 D:\Xampp\htdocs\Revisao2022\TCC-CI2test\system\CodeIgniter.php(419): CodeIgniter\CodeIgniter->runController(Object(App\Controllers\CadastroUsu))
#6 D:\Xampp\htdocs\Revisao2022\TCC-CI2test\system\CodeIgniter.php(326): CodeIgniter\CodeIgniter->handleRequest(NULL, Object(Config\Cache), false)
#7 D:\Xampp\htdocs\Revisao2022\TCC-CI2test\public\index.php(37): CodeIgniter\CodeIgniter->run()
#8 D:\Xampp\htdocs\Revisao2022\TCC-CI2test\system\Commands\Server\rewrite.php(43): require_once('D:\\Xampp\\htdocs...')
#9 {main}
CRITICAL - 2022-06-20 17:01:30 --> There is no data to insert.
#0 D:\Xampp\htdocs\Revisao2022\TCC-CI2test\system\BaseModel.php(718): CodeIgniter\Database\Exceptions\DataException::forEmptyDataset('insert')
#1 D:\Xampp\htdocs\Revisao2022\TCC-CI2test\system\Model.php(625): CodeIgniter\BaseModel->insert(Array, false)
#2 D:\Xampp\htdocs\Revisao2022\TCC-CI2test\system\BaseModel.php(658): CodeIgniter\Model->insert(Array, false)
#3 D:\Xampp\htdocs\Revisao2022\TCC-CI2test\app\Controllers\CadastroUsu.php(36): CodeIgniter\BaseModel->save(Array)
#4 D:\Xampp\htdocs\Revisao2022\TCC-CI2test\system\CodeIgniter.php(832): App\Controllers\CadastroUsu->Cadastro()
#5 D:\Xampp\htdocs\Revisao2022\TCC-CI2test\system\CodeIgniter.php(419): CodeIgniter\CodeIgniter->runController(Object(App\Controllers\CadastroUsu))
#6 D:\Xampp\htdocs\Revisao2022\TCC-CI2test\system\CodeIgniter.php(326): CodeIgniter\CodeIgniter->handleRequest(NULL, Object(Config\Cache), false)
#7 D:\Xampp\htdocs\Revisao2022\TCC-CI2test\public\index.php(37): CodeIgniter\CodeIgniter->run()
#8 D:\Xampp\htdocs\Revisao2022\TCC-CI2test\system\Commands\Server\rewrite.php(43): require_once('D:\\Xampp\\htdocs...')
#9 {main}
CRITICAL - 2022-06-20 17:01:34 --> There is no data to insert.
#0 D:\Xampp\htdocs\Revisao2022\TCC-CI2test\system\BaseModel.php(718): CodeIgniter\Database\Exceptions\DataException::forEmptyDataset('insert')
#1 D:\Xampp\htdocs\Revisao2022\TCC-CI2test\system\Model.php(625): CodeIgniter\BaseModel->insert(Array, false)
#2 D:\Xampp\htdocs\Revisao2022\TCC-CI2test\system\BaseModel.php(658): CodeIgniter\Model->insert(Array, false)
#3 D:\Xampp\htdocs\Revisao2022\TCC-CI2test\app\Controllers\CadastroUsu.php(36): CodeIgniter\BaseModel->save(Array)
#4 D:\Xampp\htdocs\Revisao2022\TCC-CI2test\system\CodeIgniter.php(832): App\Controllers\CadastroUsu->Cadastro()
#5 D:\Xampp\htdocs\Revisao2022\TCC-CI2test\system\CodeIgniter.php(419): CodeIgniter\CodeIgniter->runController(Object(App\Controllers\CadastroUsu))
#6 D:\Xampp\htdocs\Revisao2022\TCC-CI2test\system\CodeIgniter.php(326): CodeIgniter\CodeIgniter->handleRequest(NULL, Object(Config\Cache), false)
#7 D:\Xampp\htdocs\Revisao2022\TCC-CI2test\public\index.php(37): CodeIgniter\CodeIgniter->run()
#8 D:\Xampp\htdocs\Revisao2022\TCC-CI2test\system\Commands\Server\rewrite.php(43): require_once('D:\\Xampp\\htdocs...')
#9 {main}
