CRITICAL - 2022-05-26 17:19:55 --> Undefined property: App\Controllers\Home::$load
#0 C:\xampp\htdocs\TCC-CI2\app\Controllers\Home.php(14): CodeIgniter\Debug\Exceptions->errorHandler(2, 'Undefined prope...', 'C:\\xampp\\htdocs...', 14)
#1 C:\xampp\htdocs\TCC-CI2\system\CodeIgniter.php(832): App\Controllers\Home->quemsomos()
#2 C:\xampp\htdocs\TCC-CI2\system\CodeIgniter.php(419): CodeIgniter\CodeIgniter->runController(Object(App\Controllers\Home))
#3 C:\xampp\htdocs\TCC-CI2\system\CodeIgniter.php(326): CodeIgniter\CodeIgniter->handleRequest(NULL, Object(Config\Cache), false)
#4 C:\xampp\htdocs\TCC-CI2\public\index.php(37): CodeIgniter\CodeIgniter->run()
#5 C:\xampp\htdocs\TCC-CI2\system\Commands\Server\rewrite.php(43): require_once('C:\\xampp\\htdocs...')
#6 {main}
CRITICAL - 2022-05-26 17:20:53 --> Undefined property: App\Controllers\Home::$load
#0 C:\xampp\htdocs\TCC-CI2\app\Controllers\Home.php(14): CodeIgniter\Debug\Exceptions->errorHandler(2, 'Undefined prope...', 'C:\\xampp\\htdocs...', 14)
#1 C:\xampp\htdocs\TCC-CI2\system\CodeIgniter.php(832): App\Controllers\Home->quemsomos()
#2 C:\xampp\htdocs\TCC-CI2\system\CodeIgniter.php(419): CodeIgniter\CodeIgniter->runController(Object(App\Controllers\Home))
#3 C:\xampp\htdocs\TCC-CI2\system\CodeIgniter.php(326): CodeIgniter\CodeIgniter->handleRequest(NULL, Object(Config\Cache), false)
#4 C:\xampp\htdocs\TCC-CI2\public\index.php(37): CodeIgniter\CodeIgniter->run()
#5 C:\xampp\htdocs\TCC-CI2\system\Commands\Server\rewrite.php(43): require_once('C:\\xampp\\htdocs...')
#6 {main}
CRITICAL - 2022-05-26 17:38:00 --> Unmatched '}'
#0 C:\xampp\htdocs\TCC-CI2\system\Router\Router.php(175): CodeIgniter\Router\Router->autoRoute('Home/camisas')
#1 C:\xampp\htdocs\TCC-CI2\system\CodeIgniter.php(726): CodeIgniter\Router\Router->handle('Home/camisas')
#2 C:\xampp\htdocs\TCC-CI2\system\CodeIgniter.php(368): CodeIgniter\CodeIgniter->tryToRouteIt(Object(CodeIgniter\Router\RouteCollection))
#3 C:\xampp\htdocs\TCC-CI2\system\CodeIgniter.php(326): CodeIgniter\CodeIgniter->handleRequest(NULL, Object(Config\Cache), false)
#4 C:\xampp\htdocs\TCC-CI2\public\index.php(37): CodeIgniter\CodeIgniter->run()
#5 C:\xampp\htdocs\TCC-CI2\system\Commands\Server\rewrite.php(43): require_once('C:\\xampp\\htdocs...')
#6 {main}
CRITICAL - 2022-05-26 17:38:02 --> Unmatched '}'
#0 C:\xampp\htdocs\TCC-CI2\system\Router\Router.php(175): CodeIgniter\Router\Router->autoRoute('Home/index')
#1 C:\xampp\htdocs\TCC-CI2\system\CodeIgniter.php(726): CodeIgniter\Router\Router->handle('Home/index')
#2 C:\xampp\htdocs\TCC-CI2\system\CodeIgniter.php(368): CodeIgniter\CodeIgniter->tryToRouteIt(Object(CodeIgniter\Router\RouteCollection))
#3 C:\xampp\htdocs\TCC-CI2\system\CodeIgniter.php(326): CodeIgniter\CodeIgniter->handleRequest(NULL, Object(Config\Cache), false)
#4 C:\xampp\htdocs\TCC-CI2\public\index.php(37): CodeIgniter\CodeIgniter->run()
#5 C:\xampp\htdocs\TCC-CI2\system\Commands\Server\rewrite.php(43): require_once('C:\\xampp\\htdocs...')
#6 {main}
CRITICAL - 2022-05-26 17:38:03 --> Unmatched '}'
#0 C:\xampp\htdocs\TCC-CI2\system\Router\Router.php(175): CodeIgniter\Router\Router->autoRoute('Home/quemsomos')
#1 C:\xampp\htdocs\TCC-CI2\system\CodeIgniter.php(726): CodeIgniter\Router\Router->handle('Home/quemsomos')
#2 C:\xampp\htdocs\TCC-CI2\system\CodeIgniter.php(368): CodeIgniter\CodeIgniter->tryToRouteIt(Object(CodeIgniter\Router\RouteCollection))
#3 C:\xampp\htdocs\TCC-CI2\system\CodeIgniter.php(326): CodeIgniter\CodeIgniter->handleRequest(NULL, Object(Config\Cache), false)
#4 C:\xampp\htdocs\TCC-CI2\public\index.php(37): CodeIgniter\CodeIgniter->run()
#5 C:\xampp\htdocs\TCC-CI2\system\Commands\Server\rewrite.php(43): require_once('C:\\xampp\\htdocs...')
#6 {main}
CRITICAL - 2022-05-26 17:38:04 --> Unmatched '}'
#0 C:\xampp\htdocs\TCC-CI2\system\Router\Router.php(175): CodeIgniter\Router\Router->autoRoute('Home/contato')
#1 C:\xampp\htdocs\TCC-CI2\system\CodeIgniter.php(726): CodeIgniter\Router\Router->handle('Home/contato')
#2 C:\xampp\htdocs\TCC-CI2\system\CodeIgniter.php(368): CodeIgniter\CodeIgniter->tryToRouteIt(Object(CodeIgniter\Router\RouteCollection))
#3 C:\xampp\htdocs\TCC-CI2\system\CodeIgniter.php(326): CodeIgniter\CodeIgniter->handleRequest(NULL, Object(Config\Cache), false)
#4 C:\xampp\htdocs\TCC-CI2\public\index.php(37): CodeIgniter\CodeIgniter->run()
#5 C:\xampp\htdocs\TCC-CI2\system\Commands\Server\rewrite.php(43): require_once('C:\\xampp\\htdocs...')
#6 {main}
CRITICAL - 2022-05-26 17:38:04 --> Unmatched '}'
#0 C:\xampp\htdocs\TCC-CI2\system\Router\Router.php(175): CodeIgniter\Router\Router->autoRoute('Home/contato')
#1 C:\xampp\htdocs\TCC-CI2\system\CodeIgniter.php(726): CodeIgniter\Router\Router->handle('Home/contato')
#2 C:\xampp\htdocs\TCC-CI2\system\CodeIgniter.php(368): CodeIgniter\CodeIgniter->tryToRouteIt(Object(CodeIgniter\Router\RouteCollection))
#3 C:\xampp\htdocs\TCC-CI2\system\CodeIgniter.php(326): CodeIgniter\CodeIgniter->handleRequest(NULL, Object(Config\Cache), false)
#4 C:\xampp\htdocs\TCC-CI2\public\index.php(37): CodeIgniter\CodeIgniter->run()
#5 C:\xampp\htdocs\TCC-CI2\system\Commands\Server\rewrite.php(43): require_once('C:\\xampp\\htdocs...')
#6 {main}
CRITICAL - 2022-05-26 17:38:05 --> Unmatched '}'
#0 C:\xampp\htdocs\TCC-CI2\system\Router\Router.php(175): CodeIgniter\Router\Router->autoRoute('Home/cadastrar')
#1 C:\xampp\htdocs\TCC-CI2\system\CodeIgniter.php(726): CodeIgniter\Router\Router->handle('Home/cadastrar')
#2 C:\xampp\htdocs\TCC-CI2\system\CodeIgniter.php(368): CodeIgniter\CodeIgniter->tryToRouteIt(Object(CodeIgniter\Router\RouteCollection))
#3 C:\xampp\htdocs\TCC-CI2\system\CodeIgniter.php(326): CodeIgniter\CodeIgniter->handleRequest(NULL, Object(Config\Cache), false)
#4 C:\xampp\htdocs\TCC-CI2\public\index.php(37): CodeIgniter\CodeIgniter->run()
#5 C:\xampp\htdocs\TCC-CI2\system\Commands\Server\rewrite.php(43): require_once('C:\\xampp\\htdocs...')
#6 {main}
CRITICAL - 2022-05-26 17:38:17 --> Unmatched '}'
#0 C:\xampp\htdocs\TCC-CI2\system\Router\Router.php(175): CodeIgniter\Router\Router->autoRoute('Home/cadastrar')
#1 C:\xampp\htdocs\TCC-CI2\system\CodeIgniter.php(726): CodeIgniter\Router\Router->handle('Home/cadastrar')
#2 C:\xampp\htdocs\TCC-CI2\system\CodeIgniter.php(368): CodeIgniter\CodeIgniter->tryToRouteIt(Object(CodeIgniter\Router\RouteCollection))
#3 C:\xampp\htdocs\TCC-CI2\system\CodeIgniter.php(326): CodeIgniter\CodeIgniter->handleRequest(NULL, Object(Config\Cache), false)
#4 C:\xampp\htdocs\TCC-CI2\public\index.php(37): CodeIgniter\CodeIgniter->run()
#5 C:\xampp\htdocs\TCC-CI2\system\Commands\Server\rewrite.php(43): require_once('C:\\xampp\\htdocs...')
#6 {main}
CRITICAL - 2022-05-26 17:38:22 --> Unmatched '}'
#0 C:\xampp\htdocs\TCC-CI2\system\Router\Router.php(175): CodeIgniter\Router\Router->autoRoute('Home')
#1 C:\xampp\htdocs\TCC-CI2\system\CodeIgniter.php(726): CodeIgniter\Router\Router->handle('Home')
#2 C:\xampp\htdocs\TCC-CI2\system\CodeIgniter.php(368): CodeIgniter\CodeIgniter->tryToRouteIt(Object(CodeIgniter\Router\RouteCollection))
#3 C:\xampp\htdocs\TCC-CI2\system\CodeIgniter.php(326): CodeIgniter\CodeIgniter->handleRequest(NULL, Object(Config\Cache), false)
#4 C:\xampp\htdocs\TCC-CI2\public\index.php(37): CodeIgniter\CodeIgniter->run()
#5 C:\xampp\htdocs\TCC-CI2\system\Commands\Server\rewrite.php(43): require_once('C:\\xampp\\htdocs...')
#6 {main}
CRITICAL - 2022-05-26 17:38:24 --> Unmatched '}'
#0 C:\xampp\htdocs\TCC-CI2\system\Router\Router.php(175): CodeIgniter\Router\Router->autoRoute('Home')
#1 C:\xampp\htdocs\TCC-CI2\system\CodeIgniter.php(726): CodeIgniter\Router\Router->handle('Home')
#2 C:\xampp\htdocs\TCC-CI2\system\CodeIgniter.php(368): CodeIgniter\CodeIgniter->tryToRouteIt(Object(CodeIgniter\Router\RouteCollection))
#3 C:\xampp\htdocs\TCC-CI2\system\CodeIgniter.php(326): CodeIgniter\CodeIgniter->handleRequest(NULL, Object(Config\Cache), false)
#4 C:\xampp\htdocs\TCC-CI2\public\index.php(37): CodeIgniter\CodeIgniter->run()
#5 C:\xampp\htdocs\TCC-CI2\system\Commands\Server\rewrite.php(43): require_once('C:\\xampp\\htdocs...')
#6 {main}
CRITICAL - 2022-05-26 17:38:57 --> Unmatched '}'
#0 C:\xampp\htdocs\TCC-CI2\system\Autoloader\Autoloader.php(241): CodeIgniter\Autoloader\Autoloader->includeFile('C:\\xampp\\htdocs...')
#1 C:\xampp\htdocs\TCC-CI2\system\Autoloader\Autoloader.php(219): CodeIgniter\Autoloader\Autoloader->loadInNamespace('App\\Controllers...')
#2 [internal function]: CodeIgniter\Autoloader\Autoloader->loadClass('App\\Controllers...')
#3 C:\xampp\htdocs\TCC-CI2\system\CodeIgniter.php(797): class_exists('\\App\\Controller...', true)
#4 C:\xampp\htdocs\TCC-CI2\system\CodeIgniter.php(406): CodeIgniter\CodeIgniter->startController()
#5 C:\xampp\htdocs\TCC-CI2\system\CodeIgniter.php(326): CodeIgniter\CodeIgniter->handleRequest(NULL, Object(Config\Cache), false)
#6 C:\xampp\htdocs\TCC-CI2\public\index.php(37): CodeIgniter\CodeIgniter->run()
#7 C:\xampp\htdocs\TCC-CI2\system\Commands\Server\rewrite.php(43): require_once('C:\\xampp\\htdocs...')
#8 {main}
CRITICAL - 2022-05-26 17:38:58 --> Unmatched '}'
#0 C:\xampp\htdocs\TCC-CI2\system\Autoloader\Autoloader.php(241): CodeIgniter\Autoloader\Autoloader->includeFile('C:\\xampp\\htdocs...')
#1 C:\xampp\htdocs\TCC-CI2\system\Autoloader\Autoloader.php(219): CodeIgniter\Autoloader\Autoloader->loadInNamespace('App\\Controllers...')
#2 [internal function]: CodeIgniter\Autoloader\Autoloader->loadClass('App\\Controllers...')
#3 C:\xampp\htdocs\TCC-CI2\system\CodeIgniter.php(797): class_exists('\\App\\Controller...', true)
#4 C:\xampp\htdocs\TCC-CI2\system\CodeIgniter.php(406): CodeIgniter\CodeIgniter->startController()
#5 C:\xampp\htdocs\TCC-CI2\system\CodeIgniter.php(326): CodeIgniter\CodeIgniter->handleRequest(NULL, Object(Config\Cache), false)
#6 C:\xampp\htdocs\TCC-CI2\public\index.php(37): CodeIgniter\CodeIgniter->run()
#7 C:\xampp\htdocs\TCC-CI2\system\Commands\Server\rewrite.php(43): require_once('C:\\xampp\\htdocs...')
#8 {main}
CRITICAL - 2022-05-26 17:39:01 --> Unmatched '}'
#0 C:\xampp\htdocs\TCC-CI2\system\Autoloader\Autoloader.php(241): CodeIgniter\Autoloader\Autoloader->includeFile('C:\\xampp\\htdocs...')
#1 C:\xampp\htdocs\TCC-CI2\system\Autoloader\Autoloader.php(219): CodeIgniter\Autoloader\Autoloader->loadInNamespace('App\\Controllers...')
#2 [internal function]: CodeIgniter\Autoloader\Autoloader->loadClass('App\\Controllers...')
#3 C:\xampp\htdocs\TCC-CI2\system\CodeIgniter.php(797): class_exists('\\App\\Controller...', true)
#4 C:\xampp\htdocs\TCC-CI2\system\CodeIgniter.php(406): CodeIgniter\CodeIgniter->startController()
#5 C:\xampp\htdocs\TCC-CI2\system\CodeIgniter.php(326): CodeIgniter\CodeIgniter->handleRequest(NULL, Object(Config\Cache), false)
#6 C:\xampp\htdocs\TCC-CI2\public\index.php(37): CodeIgniter\CodeIgniter->run()
#7 C:\xampp\htdocs\TCC-CI2\system\Commands\Server\rewrite.php(43): require_once('C:\\xampp\\htdocs...')
#8 {main}
CRITICAL - 2022-05-26 17:39:13 --> Unmatched '}'
#0 C:\xampp\htdocs\TCC-CI2\system\Autoloader\Autoloader.php(241): CodeIgniter\Autoloader\Autoloader->includeFile('C:\\xampp\\htdocs...')
#1 C:\xampp\htdocs\TCC-CI2\system\Autoloader\Autoloader.php(219): CodeIgniter\Autoloader\Autoloader->loadInNamespace('App\\Controllers...')
#2 [internal function]: CodeIgniter\Autoloader\Autoloader->loadClass('App\\Controllers...')
#3 C:\xampp\htdocs\TCC-CI2\system\CodeIgniter.php(797): class_exists('\\App\\Controller...', true)
#4 C:\xampp\htdocs\TCC-CI2\system\CodeIgniter.php(406): CodeIgniter\CodeIgniter->startController()
#5 C:\xampp\htdocs\TCC-CI2\system\CodeIgniter.php(326): CodeIgniter\CodeIgniter->handleRequest(NULL, Object(Config\Cache), false)
#6 C:\xampp\htdocs\TCC-CI2\public\index.php(37): CodeIgniter\CodeIgniter->run()
#7 C:\xampp\htdocs\TCC-CI2\system\Commands\Server\rewrite.php(43): require_once('C:\\xampp\\htdocs...')
#8 {main}
CRITICAL - 2022-05-26 17:39:16 --> Unmatched '}'
#0 C:\xampp\htdocs\TCC-CI2\system\Autoloader\Autoloader.php(241): CodeIgniter\Autoloader\Autoloader->includeFile('C:\\xampp\\htdocs...')
#1 C:\xampp\htdocs\TCC-CI2\system\Autoloader\Autoloader.php(219): CodeIgniter\Autoloader\Autoloader->loadInNamespace('App\\Controllers...')
#2 [internal function]: CodeIgniter\Autoloader\Autoloader->loadClass('App\\Controllers...')
#3 C:\xampp\htdocs\TCC-CI2\system\CodeIgniter.php(797): class_exists('\\App\\Controller...', true)
#4 C:\xampp\htdocs\TCC-CI2\system\CodeIgniter.php(406): CodeIgniter\CodeIgniter->startController()
#5 C:\xampp\htdocs\TCC-CI2\system\CodeIgniter.php(326): CodeIgniter\CodeIgniter->handleRequest(NULL, Object(Config\Cache), false)
#6 C:\xampp\htdocs\TCC-CI2\public\index.php(37): CodeIgniter\CodeIgniter->run()
#7 C:\xampp\htdocs\TCC-CI2\system\Commands\Server\rewrite.php(43): require_once('C:\\xampp\\htdocs...')
#8 {main}
CRITICAL - 2022-05-26 17:39:23 --> Unmatched '}'
#0 C:\xampp\htdocs\TCC-CI2\system\Autoloader\Autoloader.php(241): CodeIgniter\Autoloader\Autoloader->includeFile('C:\\xampp\\htdocs...')
#1 C:\xampp\htdocs\TCC-CI2\system\Autoloader\Autoloader.php(219): CodeIgniter\Autoloader\Autoloader->loadInNamespace('App\\Controllers...')
#2 [internal function]: CodeIgniter\Autoloader\Autoloader->loadClass('App\\Controllers...')
#3 C:\xampp\htdocs\TCC-CI2\system\CodeIgniter.php(797): class_exists('\\App\\Controller...', true)
#4 C:\xampp\htdocs\TCC-CI2\system\CodeIgniter.php(406): CodeIgniter\CodeIgniter->startController()
#5 C:\xampp\htdocs\TCC-CI2\system\CodeIgniter.php(326): CodeIgniter\CodeIgniter->handleRequest(NULL, Object(Config\Cache), false)
#6 C:\xampp\htdocs\TCC-CI2\public\index.php(37): CodeIgniter\CodeIgniter->run()
#7 C:\xampp\htdocs\TCC-CI2\system\Commands\Server\rewrite.php(43): require_once('C:\\xampp\\htdocs...')
#8 {main}
CRITICAL - 2022-05-26 17:39:38 --> Unmatched '}'
#0 C:\xampp\htdocs\TCC-CI2\system\Autoloader\Autoloader.php(241): CodeIgniter\Autoloader\Autoloader->includeFile('C:\\xampp\\htdocs...')
#1 C:\xampp\htdocs\TCC-CI2\system\Autoloader\Autoloader.php(219): CodeIgniter\Autoloader\Autoloader->loadInNamespace('App\\Controllers...')
#2 [internal function]: CodeIgniter\Autoloader\Autoloader->loadClass('App\\Controllers...')
#3 C:\xampp\htdocs\TCC-CI2\system\CodeIgniter.php(797): class_exists('\\App\\Controller...', true)
#4 C:\xampp\htdocs\TCC-CI2\system\CodeIgniter.php(406): CodeIgniter\CodeIgniter->startController()
#5 C:\xampp\htdocs\TCC-CI2\system\CodeIgniter.php(326): CodeIgniter\CodeIgniter->handleRequest(NULL, Object(Config\Cache), false)
#6 C:\xampp\htdocs\TCC-CI2\public\index.php(37): CodeIgniter\CodeIgniter->run()
#7 C:\xampp\htdocs\TCC-CI2\system\Commands\Server\rewrite.php(43): require_once('C:\\xampp\\htdocs...')
#8 {main}
CRITICAL - 2022-05-26 17:43:19 --> SQLSTATE[HY000] [1049] Unknown database 'tcc1'
#0 C:\xampp\htdocs\TCC-CI2\app\Views\pagina_inicial.php(4): PDO->__construct('mysql:host=loca...', 'root', 'root')
#1 C:\xampp\htdocs\TCC-CI2\system\View\View.php(210): include('C:\\xampp\\htdocs...')
#2 C:\xampp\htdocs\TCC-CI2\system\View\View.php(213): CodeIgniter\View\View->CodeIgniter\View\{closure}()
#3 C:\xampp\htdocs\TCC-CI2\system\Common.php(1089): CodeIgniter\View\View->render('pagina_inicial', Array, true)
#4 C:\xampp\htdocs\TCC-CI2\app\Controllers\Home.php(34): view('pagina_inicial')
#5 C:\xampp\htdocs\TCC-CI2\system\CodeIgniter.php(832): App\Controllers\Home->pagina_inicial()
#6 C:\xampp\htdocs\TCC-CI2\system\CodeIgniter.php(419): CodeIgniter\CodeIgniter->runController(Object(App\Controllers\Home))
#7 C:\xampp\htdocs\TCC-CI2\system\CodeIgniter.php(326): CodeIgniter\CodeIgniter->handleRequest(NULL, Object(Config\Cache), false)
#8 C:\xampp\htdocs\TCC-CI2\public\index.php(37): CodeIgniter\CodeIgniter->run()
#9 C:\xampp\htdocs\TCC-CI2\system\Commands\Server\rewrite.php(43): require_once('C:\\xampp\\htdocs...')
#10 {main}
